TpTrace Verbose: 0 : 36632, 1, 2023/03/31, 14:14:19.328, 185630107342, vstest.console.dll, Version: 17.4.0-release-20221019-01 Current process architecture: X64
TpTrace Verbose: 0 : 36632, 1, 2023/03/31, 14:14:19.330, 185630133923, vstest.console.dll, Runtime location: C:\Program Files\dotnet\shared\Microsoft.NETCore.App\7.0.2
TpTrace Verbose: 0 : 36632, 1, 2023/03/31, 14:14:19.338, 185630210519, vstest.console.dll, ArtifactProcessingPostProcessModeProcessorExecutor.Initialize: ArtifactProcessingMode.Collect
TpTrace Verbose: 0 : 36632, 1, 2023/03/31, 14:14:19.338, 185630213164, vstest.console.dll, TestSessionCorrelationIdProcessorModeProcessorExecutor.Initialize: TestSessionCorrelationId '34380_a5de523f-4c12-42fa-a0e7-46e5f277934f'
TpTrace Information: 0 : 36632, 1, 2023/03/31, 14:14:19.351, 185630340753, vstest.console.dll, FilePatternParser: The given file C:\balta\BaltaStore\BaltaStore.Tests\bin\Debug\net7.0\fine-code-coverage\build-output\BaltaStore.Tests.dll is a full path.
TpTrace Verbose: 0 : 36632, 1, 2023/03/31, 14:14:19.365, 185630476625, vstest.console.dll, TestPluginCache.DiscoverTestExtensions: finding test extensions in assemblies ends with: RuntimeProvider.dll TPluginInfo: Microsoft.VisualStudio.TestPlatform.Common.ExtensionFramework.Utilities.TestRuntimePluginInformation TExtension: Microsoft.VisualStudio.TestPlatform.ObjectModel.Host.ITestRuntimeProvider
TpTrace Verbose: 0 : 36632, 1, 2023/03/31, 14:14:19.365, 185630479491, vstest.console.dll, TestPluginCache.GetExtensionPaths: Filtered extension paths: 
TpTrace Verbose: 0 : 36632, 1, 2023/03/31, 14:14:19.365, 185630480326, vstest.console.dll, TestPluginCache.GetExtensionPaths: Added default extension paths: C:\Program Files\dotnet\sdk\7.0.102\Extensions\Microsoft.Diagnostics.NETCore.Client.dll
C:\Program Files\dotnet\sdk\7.0.102\Extensions\Microsoft.TestPlatform.Extensions.BlameDataCollector.dll
C:\Program Files\dotnet\sdk\7.0.102\Extensions\Microsoft.TestPlatform.Extensions.EventLogCollector.dll
C:\Program Files\dotnet\sdk\7.0.102\Extensions\Microsoft.TestPlatform.TestHostRuntimeProvider.dll
C:\Program Files\dotnet\sdk\7.0.102\Extensions\Microsoft.VisualStudio.TestPlatform.Extensions.Html.TestLogger.dll
C:\Program Files\dotnet\sdk\7.0.102\Extensions\Microsoft.VisualStudio.TestPlatform.Extensions.Trx.TestLogger.dll
TpTrace Verbose: 0 : 36632, 1, 2023/03/31, 14:14:19.365, 185630480688, vstest.console.dll, TestPluginCache.GetExtensionPaths: Added unfilterableExtensionPaths: 
TpTrace Information: 0 : 36632, 1, 2023/03/31, 14:14:19.366, 185630492299, vstest.console.dll, AssemblyResolver.ctor: Creating AssemblyResolver with searchDirectories C:\Program Files\dotnet\sdk\7.0.102\Extensions,C:\Program Files\dotnet\sdk\7.0.102
TpTrace Verbose: 0 : 36632, 1, 2023/03/31, 14:14:19.368, 185630509272, vstest.console.dll, TestPluginCache.DiscoverTestExtensions: Discovering the extensions using extension path.
TpTrace Verbose: 0 : 36632, 1, 2023/03/31, 14:14:19.368, 185630511277, vstest.console.dll, TestPluginCache.GetExtensionPaths: Filtered extension paths: 
TpTrace Verbose: 0 : 36632, 1, 2023/03/31, 14:14:19.368, 185630511874, vstest.console.dll, TestPluginCache.GetExtensionPaths: Added default extension paths: C:\Program Files\dotnet\sdk\7.0.102\Extensions\Microsoft.Diagnostics.NETCore.Client.dll
C:\Program Files\dotnet\sdk\7.0.102\Extensions\Microsoft.TestPlatform.Extensions.BlameDataCollector.dll
C:\Program Files\dotnet\sdk\7.0.102\Extensions\Microsoft.TestPlatform.Extensions.EventLogCollector.dll
C:\Program Files\dotnet\sdk\7.0.102\Extensions\Microsoft.TestPlatform.TestHostRuntimeProvider.dll
C:\Program Files\dotnet\sdk\7.0.102\Extensions\Microsoft.VisualStudio.TestPlatform.Extensions.Html.TestLogger.dll
C:\Program Files\dotnet\sdk\7.0.102\Extensions\Microsoft.VisualStudio.TestPlatform.Extensions.Trx.TestLogger.dll
TpTrace Verbose: 0 : 36632, 1, 2023/03/31, 14:14:19.368, 185630512186, vstest.console.dll, TestPluginCache.GetExtensionPaths: Added unfilterableExtensionPaths: 
TpTrace Verbose: 0 : 36632, 1, 2023/03/31, 14:14:19.368, 185630513113, vstest.console.dll, TestPluginCache.DiscoverTestExtensions: Discovering the extensions using allExtensionPaths: C:\Program Files\dotnet\sdk\7.0.102\Extensions\Microsoft.Diagnostics.NETCore.Client.dll
C:\Program Files\dotnet\sdk\7.0.102\Extensions\Microsoft.TestPlatform.Extensions.BlameDataCollector.dll
C:\Program Files\dotnet\sdk\7.0.102\Extensions\Microsoft.TestPlatform.Extensions.EventLogCollector.dll
C:\Program Files\dotnet\sdk\7.0.102\Extensions\Microsoft.TestPlatform.TestHostRuntimeProvider.dll
C:\Program Files\dotnet\sdk\7.0.102\Extensions\Microsoft.VisualStudio.TestPlatform.Extensions.Html.TestLogger.dll
C:\Program Files\dotnet\sdk\7.0.102\Extensions\Microsoft.VisualStudio.TestPlatform.Extensions.Trx.TestLogger.dll
TpTrace Information: 0 : 36632, 1, 2023/03/31, 14:14:19.369, 185630514693, vstest.console.dll, AssemblyResolver.AddSearchDirectories: Adding more searchDirectories C:\Program Files\dotnet\sdk\7.0.102\Extensions,C:\Program Files\dotnet\sdk\7.0.102
TpTrace Information: 0 : 36632, 1, 2023/03/31, 14:14:19.369, 185630515384, vstest.console.dll, AssemblyResolver.AddSearchDirectories: Adding more searchDirectories C:\Program Files\dotnet\sdk\7.0.102\Extensions,C:\Program Files\dotnet\sdk\7.0.102
TpTrace Information: 0 : 36632, 1, 2023/03/31, 14:14:19.369, 185630515717, vstest.console.dll, AssemblyResolver.AddSearchDirectories: Adding more searchDirectories C:\Program Files\dotnet\sdk\7.0.102\Extensions,C:\Program Files\dotnet\sdk\7.0.102
TpTrace Information: 0 : 36632, 1, 2023/03/31, 14:14:19.369, 185630516003, vstest.console.dll, AssemblyResolver.AddSearchDirectories: Adding more searchDirectories C:\Program Files\dotnet\sdk\7.0.102\Extensions,C:\Program Files\dotnet\sdk\7.0.102
TpTrace Information: 0 : 36632, 1, 2023/03/31, 14:14:19.369, 185630516306, vstest.console.dll, AssemblyResolver.AddSearchDirectories: Adding more searchDirectories C:\Program Files\dotnet\sdk\7.0.102\Extensions,C:\Program Files\dotnet\sdk\7.0.102
TpTrace Information: 0 : 36632, 1, 2023/03/31, 14:14:19.369, 185630516582, vstest.console.dll, AssemblyResolver.AddSearchDirectories: Adding more searchDirectories C:\Program Files\dotnet\sdk\7.0.102\Extensions,C:\Program Files\dotnet\sdk\7.0.102
TpTrace Information: 0 : 36632, 1, 2023/03/31, 14:14:19.369, 185630520456, vstest.console.dll, AssemblyResolver.OnResolve: Microsoft.Diagnostics.NETCore.Client: Resolving assembly.
TpTrace Information: 0 : 36632, 1, 2023/03/31, 14:14:19.369, 185630521428, vstest.console.dll, AssemblyResolver.OnResolve: Microsoft.Diagnostics.NETCore.Client: Searching in: 'C:\Program Files\dotnet\sdk\7.0.102\Extensions'.
TpTrace Information: 0 : 36632, 1, 2023/03/31, 14:14:19.380, 185630631221, vstest.console.dll, AssemblyResolver.OnResolve: Microsoft.Diagnostics.NETCore.Client: Loading assembly 'C:\Program Files\dotnet\sdk\7.0.102\Extensions\Microsoft.Diagnostics.NETCore.Client.dll'.
TpTrace Information: 0 : 36632, 1, 2023/03/31, 14:14:19.384, 185630665858, vstest.console.dll, AssemblyResolver.OnResolve: Resolved assembly: Microsoft.Diagnostics.NETCore.Client, from path: C:\Program Files\dotnet\sdk\7.0.102\Extensions\Microsoft.Diagnostics.NETCore.Client.dll
TpTrace Verbose: 0 : 36632, 1, 2023/03/31, 14:14:19.385, 185630677772, vstest.console.dll, MetadataReaderExtensionsHelper: Discovering extensions inside assembly 'Microsoft.Diagnostics.NETCore.Client, Version=0.2.6.42401, Culture=neutral, PublicKeyToken=31bf3856ad364e35' file path 'C:\Program Files\dotnet\sdk\7.0.102\Extensions\Microsoft.Diagnostics.NETCore.Client.dll'
TpTrace Information: 0 : 36632, 1, 2023/03/31, 14:14:19.391, 185630738948, vstest.console.dll, AssemblyResolver.OnResolve: Microsoft.Bcl.AsyncInterfaces: Resolving assembly.
TpTrace Information: 0 : 36632, 1, 2023/03/31, 14:14:19.391, 185630740683, vstest.console.dll, AssemblyResolver.OnResolve: Microsoft.Bcl.AsyncInterfaces: Searching in: 'C:\Program Files\dotnet\sdk\7.0.102\Extensions'.
TpTrace Information: 0 : 36632, 1, 2023/03/31, 14:14:19.391, 185630741871, vstest.console.dll, AssemblyResolver.OnResolve: Microsoft.Bcl.AsyncInterfaces: Assembly path does not exist: 'C:\Program Files\dotnet\sdk\7.0.102\Extensions\Microsoft.Bcl.AsyncInterfaces.dll', returning.
TpTrace Information: 0 : 36632, 1, 2023/03/31, 14:14:19.391, 185630743375, vstest.console.dll, AssemblyResolver.OnResolve: Microsoft.Bcl.AsyncInterfaces: Assembly path does not exist: 'C:\Program Files\dotnet\sdk\7.0.102\Extensions\Microsoft.Bcl.AsyncInterfaces.exe', returning.
TpTrace Information: 0 : 36632, 1, 2023/03/31, 14:14:19.391, 185630743951, vstest.console.dll, AssemblyResolver.OnResolve: Microsoft.Bcl.AsyncInterfaces: Searching in: 'C:\Program Files\dotnet\sdk\7.0.102'.
TpTrace Information: 0 : 36632, 1, 2023/03/31, 14:14:19.392, 185630744499, vstest.console.dll, AssemblyResolver.OnResolve: Microsoft.Bcl.AsyncInterfaces: Assembly path does not exist: 'C:\Program Files\dotnet\sdk\7.0.102\Microsoft.Bcl.AsyncInterfaces.dll', returning.
TpTrace Information: 0 : 36632, 1, 2023/03/31, 14:14:19.392, 185630744925, vstest.console.dll, AssemblyResolver.OnResolve: Microsoft.Bcl.AsyncInterfaces: Assembly path does not exist: 'C:\Program Files\dotnet\sdk\7.0.102\Microsoft.Bcl.AsyncInterfaces.exe', returning.
TpTrace Information: 0 : 36632, 1, 2023/03/31, 14:14:19.392, 185630745232, vstest.console.dll, AssemblyResolver.OnResolve: Microsoft.Bcl.AsyncInterfaces: Failed to load assembly.
TpTrace Verbose: 0 : 36632, 1, 2023/03/31, 14:14:19.392, 185630745689, vstest.console.dll, CurrentDomainAssemblyResolve: Resolving assembly 'Microsoft.Bcl.AsyncInterfaces'.
TpTrace Information: 0 : 36632, 1, 2023/03/31, 14:14:19.392, 185630746350, vstest.console.dll, AssemblyResolver.OnResolve: Microsoft.Bcl.AsyncInterfaces: Resolving assembly.
TpTrace Information: 0 : 36632, 1, 2023/03/31, 14:14:19.392, 185630746753, vstest.console.dll, AssemblyResolver.OnResolve: Microsoft.Bcl.AsyncInterfaces: Resolved from cache.
TpTrace Verbose: 0 : 36632, 1, 2023/03/31, 14:14:19.392, 185630747036, vstest.console.dll, CurrentDomainAssemblyResolve: Resolving assembly 'Microsoft.Bcl.AsyncInterfaces'.
TpTrace Verbose: 0 : 36632, 1, 2023/03/31, 14:14:19.392, 185630747370, vstest.console.dll, CurrentDomainAssemblyResolve: Failed to resolve assembly 'Microsoft.Bcl.AsyncInterfaces'.
TpTrace Verbose: 0 : 36632, 1, 2023/03/31, 14:14:19.401, 185630841942, vstest.console.dll, CurrentDomainAssemblyResolve: Failed to resolve assembly 'Microsoft.Bcl.AsyncInterfaces'.
TpTrace Warning: 0 : 36632, 1, 2023/03/31, 14:14:19.418, 185631010740, vstest.console.dll, TestPluginDiscoverer: Failed to get types from assembly 'Microsoft.Diagnostics.NETCore.Client, Version=0.2.6.42401, Culture=neutral, PublicKeyToken=31bf3856ad364e35'. Error: System.Reflection.ReflectionTypeLoadException: Unable to load one or more of the requested types.
Could not load file or assembly 'Microsoft.Bcl.AsyncInterfaces, Version=1.0.0.0, Culture=neutral, PublicKeyToken=cc7b13ffcd2ddd51'. O sistema não pode encontrar o arquivo especificado.
   at System.Reflection.RuntimeModule.GetTypes(RuntimeModule module)
   at System.Reflection.Assembly.GetTypes()
   at Microsoft.VisualStudio.TestPlatform.Common.ExtensionFramework.TestPluginDiscoverer.GetTestExtensionsFromAssembly[TPluginInfo,TExtension](Assembly assembly, Dictionary`2 pluginInfos, String filePath)
System.IO.FileNotFoundException: Could not load file or assembly 'Microsoft.Bcl.AsyncInterfaces, Version=1.0.0.0, Culture=neutral, PublicKeyToken=cc7b13ffcd2ddd51'. O sistema não pode encontrar o arquivo especificado.
File name: 'Microsoft.Bcl.AsyncInterfaces, Version=1.0.0.0, Culture=neutral, PublicKeyToken=cc7b13ffcd2ddd51'
 ---> System.IO.FileNotFoundException: Could not load file or assembly 'Microsoft.Bcl.AsyncInterfaces, Culture=neutral, PublicKeyToken=null'. O sistema não pode encontrar o arquivo especificado.
File name: 'Microsoft.Bcl.AsyncInterfaces, Culture=neutral, PublicKeyToken=null'
   at System.Reflection.RuntimeAssembly.InternalLoad(AssemblyName assemblyName, StackCrawlMark& stackMark, AssemblyLoadContext assemblyLoadContext, RuntimeAssembly requestingAssembly, Boolean throwOnFileNotFound)
   at System.Reflection.Assembly.Load(AssemblyName assemblyRef)
   at Microsoft.VisualStudio.TestPlatform.Common.ExtensionFramework.TestPluginCache.CurrentDomainAssemblyResolve(Object sender, AssemblyResolveEventArgs args)
   at System.Runtime.Loader.AssemblyLoadContext.GetFirstResolvedAssemblyFromResolvingEvent(AssemblyName assemblyName)
   at System.Runtime.Loader.AssemblyLoadContext.ResolveUsingEvent(AssemblyName assemblyName)
   at System.Runtime.Loader.AssemblyLoadContext.ResolveUsingResolvingEvent(IntPtr gchManagedAssemblyLoadContext, AssemblyName assemblyName)
TpTrace Warning: 0 : 36632, 1, 2023/03/31, 14:14:19.419, 185631017001, vstest.console.dll, LoaderExceptions: System.IO.FileNotFoundException: Could not load file or assembly 'Microsoft.Bcl.AsyncInterfaces, Version=1.0.0.0, Culture=neutral, PublicKeyToken=cc7b13ffcd2ddd51'. O sistema não pode encontrar o arquivo especificado.
File name: 'Microsoft.Bcl.AsyncInterfaces, Version=1.0.0.0, Culture=neutral, PublicKeyToken=cc7b13ffcd2ddd51'
 ---> System.IO.FileNotFoundException: Could not load file or assembly 'Microsoft.Bcl.AsyncInterfaces, Culture=neutral, PublicKeyToken=null'. O sistema não pode encontrar o arquivo especificado.
File name: 'Microsoft.Bcl.AsyncInterfaces, Culture=neutral, PublicKeyToken=null'
   at System.Reflection.RuntimeAssembly.InternalLoad(AssemblyName assemblyName, StackCrawlMark& stackMark, AssemblyLoadContext assemblyLoadContext, RuntimeAssembly requestingAssembly, Boolean throwOnFileNotFound)
   at System.Reflection.Assembly.Load(AssemblyName assemblyRef)
   at Microsoft.VisualStudio.TestPlatform.Common.ExtensionFramework.TestPluginCache.CurrentDomainAssemblyResolve(Object sender, AssemblyResolveEventArgs args)
   at System.Runtime.Loader.AssemblyLoadContext.GetFirstResolvedAssemblyFromResolvingEvent(AssemblyName assemblyName)
   at System.Runtime.Loader.AssemblyLoadContext.ResolveUsingEvent(AssemblyName assemblyName)
   at System.Runtime.Loader.AssemblyLoadContext.ResolveUsingResolvingEvent(IntPtr gchManagedAssemblyLoadContext, AssemblyName assemblyName)
TpTrace Information: 0 : 36632, 1, 2023/03/31, 14:14:19.419, 185631020125, vstest.console.dll, AssemblyResolver.OnResolve: Microsoft.TestPlatform.Extensions.BlameDataCollector: Resolving assembly.
TpTrace Information: 0 : 36632, 1, 2023/03/31, 14:14:19.419, 185631021059, vstest.console.dll, AssemblyResolver.OnResolve: Microsoft.TestPlatform.Extensions.BlameDataCollector: Searching in: 'C:\Program Files\dotnet\sdk\7.0.102\Extensions'.
TpTrace Information: 0 : 36632, 1, 2023/03/31, 14:14:19.421, 185631037008, vstest.console.dll, AssemblyResolver.OnResolve: Microsoft.TestPlatform.Extensions.BlameDataCollector: Loading assembly 'C:\Program Files\dotnet\sdk\7.0.102\Extensions\Microsoft.TestPlatform.Extensions.BlameDataCollector.dll'.
TpTrace Information: 0 : 36632, 1, 2023/03/31, 14:14:19.423, 185631058546, vstest.console.dll, AssemblyResolver.OnResolve: Resolved assembly: Microsoft.TestPlatform.Extensions.BlameDataCollector, from path: C:\Program Files\dotnet\sdk\7.0.102\Extensions\Microsoft.TestPlatform.Extensions.BlameDataCollector.dll
TpTrace Verbose: 0 : 36632, 1, 2023/03/31, 14:14:19.423, 185631060627, vstest.console.dll, MetadataReaderExtensionsHelper: Discovering extensions inside assembly 'Microsoft.TestPlatform.Extensions.BlameDataCollector, Version=15.0.0.0, Culture=neutral, PublicKeyToken=b03f5f7f11d50a3a' file path 'C:\Program Files\dotnet\sdk\7.0.102\Extensions\Microsoft.TestPlatform.Extensions.BlameDataCollector.dll'
TpTrace Information: 0 : 36632, 1, 2023/03/31, 14:14:19.425, 185631081272, vstest.console.dll, AssemblyResolver.OnResolve: Microsoft.TestPlatform.Extensions.EventLogCollector: Resolving assembly.
TpTrace Information: 0 : 36632, 1, 2023/03/31, 14:14:19.425, 185631082558, vstest.console.dll, AssemblyResolver.OnResolve: Microsoft.TestPlatform.Extensions.EventLogCollector: Searching in: 'C:\Program Files\dotnet\sdk\7.0.102\Extensions'.
TpTrace Information: 0 : 36632, 1, 2023/03/31, 14:14:19.426, 185631092127, vstest.console.dll, AssemblyResolver.OnResolve: Microsoft.TestPlatform.Extensions.EventLogCollector: Loading assembly 'C:\Program Files\dotnet\sdk\7.0.102\Extensions\Microsoft.TestPlatform.Extensions.EventLogCollector.dll'.
TpTrace Information: 0 : 36632, 1, 2023/03/31, 14:14:19.428, 185631105571, vstest.console.dll, AssemblyResolver.OnResolve: Resolved assembly: Microsoft.TestPlatform.Extensions.EventLogCollector, from path: C:\Program Files\dotnet\sdk\7.0.102\Extensions\Microsoft.TestPlatform.Extensions.EventLogCollector.dll
TpTrace Verbose: 0 : 36632, 1, 2023/03/31, 14:14:19.428, 185631108100, vstest.console.dll, MetadataReaderExtensionsHelper: Discovering extensions inside assembly 'Microsoft.TestPlatform.Extensions.EventLogCollector, Version=15.0.0.0, Culture=neutral, PublicKeyToken=b03f5f7f11d50a3a' file path 'C:\Program Files\dotnet\sdk\7.0.102\Extensions\Microsoft.TestPlatform.Extensions.EventLogCollector.dll'
TpTrace Information: 0 : 36632, 1, 2023/03/31, 14:14:19.433, 185631160058, vstest.console.dll, AssemblyResolver.OnResolve: Microsoft.TestPlatform.TestHostRuntimeProvider: Resolving assembly.
TpTrace Information: 0 : 36632, 1, 2023/03/31, 14:14:19.433, 185631161671, vstest.console.dll, AssemblyResolver.OnResolve: Microsoft.TestPlatform.TestHostRuntimeProvider: Searching in: 'C:\Program Files\dotnet\sdk\7.0.102\Extensions'.
TpTrace Information: 0 : 36632, 1, 2023/03/31, 14:14:19.434, 185631170961, vstest.console.dll, AssemblyResolver.OnResolve: Microsoft.TestPlatform.TestHostRuntimeProvider: Loading assembly 'C:\Program Files\dotnet\sdk\7.0.102\Extensions\Microsoft.TestPlatform.TestHostRuntimeProvider.dll'.
TpTrace Information: 0 : 36632, 1, 2023/03/31, 14:14:19.436, 185631189799, vstest.console.dll, AssemblyResolver.OnResolve: Resolved assembly: Microsoft.TestPlatform.TestHostRuntimeProvider, from path: C:\Program Files\dotnet\sdk\7.0.102\Extensions\Microsoft.TestPlatform.TestHostRuntimeProvider.dll
TpTrace Verbose: 0 : 36632, 1, 2023/03/31, 14:14:19.436, 185631191722, vstest.console.dll, MetadataReaderExtensionsHelper: Discovering extensions inside assembly 'Microsoft.TestPlatform.TestHostRuntimeProvider, Version=15.0.0.0, Culture=neutral, PublicKeyToken=b03f5f7f11d50a3a' file path 'C:\Program Files\dotnet\sdk\7.0.102\Extensions\Microsoft.TestPlatform.TestHostRuntimeProvider.dll'
TpTrace Information: 0 : 36632, 1, 2023/03/31, 14:14:19.439, 185631215350, vstest.console.dll, GetTestExtensionFromType: Register extension with identifier data 'HostProvider://DefaultTestHost' and type 'Microsoft.VisualStudio.TestPlatform.CrossPlatEngine.Hosting.DefaultTestHostManager, Microsoft.TestPlatform.TestHostRuntimeProvider, Version=15.0.0.0, Culture=neutral, PublicKeyToken=b03f5f7f11d50a3a' inside file 'C:\Program Files\dotnet\sdk\7.0.102\Extensions\Microsoft.TestPlatform.TestHostRuntimeProvider.dll'
TpTrace Information: 0 : 36632, 1, 2023/03/31, 14:14:19.439, 185631218530, vstest.console.dll, GetTestExtensionFromType: Register extension with identifier data 'HostProvider://DotnetTestHost' and type 'Microsoft.VisualStudio.TestPlatform.CrossPlatEngine.Hosting.DotnetTestHostManager, Microsoft.TestPlatform.TestHostRuntimeProvider, Version=15.0.0.0, Culture=neutral, PublicKeyToken=b03f5f7f11d50a3a' inside file 'C:\Program Files\dotnet\sdk\7.0.102\Extensions\Microsoft.TestPlatform.TestHostRuntimeProvider.dll'
TpTrace Information: 0 : 36632, 1, 2023/03/31, 14:14:19.439, 185631219671, vstest.console.dll, AssemblyResolver.OnResolve: Microsoft.VisualStudio.TestPlatform.Extensions.Html.TestLogger: Resolving assembly.
TpTrace Information: 0 : 36632, 1, 2023/03/31, 14:14:19.439, 185631220062, vstest.console.dll, AssemblyResolver.OnResolve: Microsoft.VisualStudio.TestPlatform.Extensions.Html.TestLogger: Searching in: 'C:\Program Files\dotnet\sdk\7.0.102\Extensions'.
TpTrace Information: 0 : 36632, 1, 2023/03/31, 14:14:19.440, 185631231130, vstest.console.dll, AssemblyResolver.OnResolve: Microsoft.VisualStudio.TestPlatform.Extensions.Html.TestLogger: Loading assembly 'C:\Program Files\dotnet\sdk\7.0.102\Extensions\Microsoft.VisualStudio.TestPlatform.Extensions.Html.TestLogger.dll'.
TpTrace Information: 0 : 36632, 1, 2023/03/31, 14:14:19.442, 185631250919, vstest.console.dll, AssemblyResolver.OnResolve: Resolved assembly: Microsoft.VisualStudio.TestPlatform.Extensions.Html.TestLogger, from path: C:\Program Files\dotnet\sdk\7.0.102\Extensions\Microsoft.VisualStudio.TestPlatform.Extensions.Html.TestLogger.dll
TpTrace Verbose: 0 : 36632, 1, 2023/03/31, 14:14:19.442, 185631252871, vstest.console.dll, MetadataReaderExtensionsHelper: Discovering extensions inside assembly 'Microsoft.VisualStudio.TestPlatform.Extensions.Html.TestLogger, Version=15.0.0.0, Culture=neutral, PublicKeyToken=b03f5f7f11d50a3a' file path 'C:\Program Files\dotnet\sdk\7.0.102\Extensions\Microsoft.VisualStudio.TestPlatform.Extensions.Html.TestLogger.dll'
TpTrace Information: 0 : 36632, 1, 2023/03/31, 14:14:19.445, 185631274731, vstest.console.dll, AssemblyResolver.OnResolve: Microsoft.VisualStudio.TestPlatform.Extensions.Trx.TestLogger: Resolving assembly.
TpTrace Information: 0 : 36632, 1, 2023/03/31, 14:14:19.445, 185631277657, vstest.console.dll, AssemblyResolver.OnResolve: Microsoft.VisualStudio.TestPlatform.Extensions.Trx.TestLogger: Searching in: 'C:\Program Files\dotnet\sdk\7.0.102\Extensions'.
TpTrace Information: 0 : 36632, 1, 2023/03/31, 14:14:19.446, 185631292429, vstest.console.dll, AssemblyResolver.OnResolve: Microsoft.VisualStudio.TestPlatform.Extensions.Trx.TestLogger: Loading assembly 'C:\Program Files\dotnet\sdk\7.0.102\Extensions\Microsoft.VisualStudio.TestPlatform.Extensions.Trx.TestLogger.dll'.
TpTrace Information: 0 : 36632, 1, 2023/03/31, 14:14:19.449, 185631314865, vstest.console.dll, AssemblyResolver.OnResolve: Resolved assembly: Microsoft.VisualStudio.TestPlatform.Extensions.Trx.TestLogger, from path: C:\Program Files\dotnet\sdk\7.0.102\Extensions\Microsoft.VisualStudio.TestPlatform.Extensions.Trx.TestLogger.dll
TpTrace Verbose: 0 : 36632, 1, 2023/03/31, 14:14:19.449, 185631316403, vstest.console.dll, MetadataReaderExtensionsHelper: Discovering extensions inside assembly 'Microsoft.VisualStudio.TestPlatform.Extensions.Trx.TestLogger, Version=15.0.0.0, Culture=neutral, PublicKeyToken=b03f5f7f11d50a3a' file path 'C:\Program Files\dotnet\sdk\7.0.102\Extensions\Microsoft.VisualStudio.TestPlatform.Extensions.Trx.TestLogger.dll'
TpTrace Verbose: 0 : 36632, 1, 2023/03/31, 14:14:19.451, 185631334900, vstest.console.dll, TestPluginCache: Discovered the extensions using extension path ''.
TpTrace Verbose: 0 : 36632, 1, 2023/03/31, 14:14:19.451, 185631336378, vstest.console.dll, TestPluginCache: Discoverers are ''.
TpTrace Verbose: 0 : 36632, 1, 2023/03/31, 14:14:19.451, 185631336868, vstest.console.dll, TestPluginCache: Executors are ''.
TpTrace Verbose: 0 : 36632, 1, 2023/03/31, 14:14:19.451, 185631337233, vstest.console.dll, TestPluginCache: Executors2 are ''.
TpTrace Verbose: 0 : 36632, 1, 2023/03/31, 14:14:19.451, 185631337694, vstest.console.dll, TestPluginCache: Setting providers are ''.
TpTrace Verbose: 0 : 36632, 1, 2023/03/31, 14:14:19.451, 185631338064, vstest.console.dll, TestPluginCache: Loggers are ''.
TpTrace Verbose: 0 : 36632, 1, 2023/03/31, 14:14:19.451, 185631339299, vstest.console.dll, TestPluginCache: TestHosts are 'HostProvider://DefaultTestHost,HostProvider://DotnetTestHost'.
TpTrace Verbose: 0 : 36632, 1, 2023/03/31, 14:14:19.451, 185631339948, vstest.console.dll, TestPluginCache: DataCollectors are ''.
TpTrace Information: 0 : 36632, 1, 2023/03/31, 14:14:19.478, 185631608098, vstest.console.dll, RunTestsArgumentProcessor:Execute: Test run is starting.
TpTrace Verbose: 0 : 36632, 1, 2023/03/31, 14:14:19.478, 185631609879, vstest.console.dll, RunTestsArgumentProcessor:Execute: Queuing Test run.
TpTrace Information: 0 : 36632, 1, 2023/03/31, 14:14:19.478, 185631612619, vstest.console.dll, TestRequestManager.RunTests: run tests started.
TpTrace Information: 0 : 36632, 1, 2023/03/31, 14:14:19.480, 185631624880, vstest.console.dll, AssemblyMetadataProvider.GetFrameworkName: Determined framework:'.NETCoreApp,Version=v7.0' for source: 'C:\balta\BaltaStore\BaltaStore.Tests\bin\Debug\net7.0\fine-code-coverage\build-output\BaltaStore.Tests.dll'
TpTrace Information: 0 : 36632, 1, 2023/03/31, 14:14:19.480, 185631626938, vstest.console.dll, Determined framework for all sources: .NETCoreApp,Version=v7.0
TpTrace Verbose: 0 : 36632, 1, 2023/03/31, 14:14:19.480, 185631630798, vstest.console.dll, TestRequestManager.UpdateRunSettingsIfRequired: Default architecture: X64 IsDefaultTargetArchitecture: True, Current process architecture: X64 OperatingSystem: Windows.
TpTrace Information: 0 : 36632, 1, 2023/03/31, 14:14:19.482, 185631649399, vstest.console.dll, AssemblyMetadataProvider.GetArchitecture: Determined architecture:AnyCPU info for assembly: C:\balta\BaltaStore\BaltaStore.Tests\bin\Debug\net7.0\fine-code-coverage\build-output\BaltaStore.Tests.dll
TpTrace Information: 0 : 36632, 1, 2023/03/31, 14:14:19.482, 185631650449, vstest.console.dll, Determined platform for source 'C:\balta\BaltaStore\BaltaStore.Tests\bin\Debug\net7.0\fine-code-coverage\build-output\BaltaStore.Tests.dll' was AnyCPU and it will use the default plaform X64.
TpTrace Information: 0 : 36632, 1, 2023/03/31, 14:14:19.482, 185631650757, vstest.console.dll, None of the sources provided any runnable platform, using the default platform: X64
TpTrace Information: 0 : 36632, 1, 2023/03/31, 14:14:19.482, 185631651754, vstest.console.dll, Platform was updated to 'X64'.
TpTrace Information: 0 : 36632, 1, 2023/03/31, 14:14:19.489, 185631717547, vstest.console.dll, InferRunSettingsHelper.IsTestSettingsEnabled: Unable to navigate to RunSettings/MSTest. Current node: RunSettings
TpTrace Information: 0 : 36632, 1, 2023/03/31, 14:14:19.489, 185631724296, vstest.console.dll, AssemblyResolver.OnResolve: Microsoft.VisualStudio.TestPlatform.Fakes: Resolving assembly.
TpTrace Information: 0 : 36632, 1, 2023/03/31, 14:14:19.490, 185631725316, vstest.console.dll, AssemblyResolver.OnResolve: Microsoft.VisualStudio.TestPlatform.Fakes: Searching in: 'C:\Program Files\dotnet\sdk\7.0.102\Extensions'.
TpTrace Information: 0 : 36632, 1, 2023/03/31, 14:14:19.490, 185631726917, vstest.console.dll, AssemblyResolver.OnResolve: Microsoft.VisualStudio.TestPlatform.Fakes: Assembly path does not exist: 'C:\Program Files\dotnet\sdk\7.0.102\Extensions\Microsoft.VisualStudio.TestPlatform.Fakes.dll', returning.
TpTrace Information: 0 : 36632, 1, 2023/03/31, 14:14:19.490, 185631728142, vstest.console.dll, AssemblyResolver.OnResolve: Microsoft.VisualStudio.TestPlatform.Fakes: Assembly path does not exist: 'C:\Program Files\dotnet\sdk\7.0.102\Extensions\Microsoft.VisualStudio.TestPlatform.Fakes.exe', returning.
TpTrace Information: 0 : 36632, 1, 2023/03/31, 14:14:19.490, 185631729304, vstest.console.dll, AssemblyResolver.OnResolve: Microsoft.VisualStudio.TestPlatform.Fakes: Searching in: 'C:\Program Files\dotnet\sdk\7.0.102'.
TpTrace Information: 0 : 36632, 1, 2023/03/31, 14:14:19.490, 185631730426, vstest.console.dll, AssemblyResolver.OnResolve: Microsoft.VisualStudio.TestPlatform.Fakes: Assembly path does not exist: 'C:\Program Files\dotnet\sdk\7.0.102\Microsoft.VisualStudio.TestPlatform.Fakes.dll', returning.
TpTrace Information: 0 : 36632, 1, 2023/03/31, 14:14:19.490, 185631731190, vstest.console.dll, AssemblyResolver.OnResolve: Microsoft.VisualStudio.TestPlatform.Fakes: Assembly path does not exist: 'C:\Program Files\dotnet\sdk\7.0.102\Microsoft.VisualStudio.TestPlatform.Fakes.exe', returning.
TpTrace Information: 0 : 36632, 1, 2023/03/31, 14:14:19.490, 185631731875, vstest.console.dll, AssemblyResolver.OnResolve: Microsoft.VisualStudio.TestPlatform.Fakes: Failed to load assembly.
TpTrace Information: 0 : 36632, 1, 2023/03/31, 14:14:19.491, 185631735537, vstest.console.dll, Failed to load assembly Microsoft.VisualStudio.TestPlatform.Fakes, Version=17.0.0.0, Culture=neutral. Reason:System.IO.FileNotFoundException: Could not load file or assembly 'Microsoft.VisualStudio.TestPlatform.Fakes, Version=17.0.0.0, Culture=neutral, PublicKeyToken=null'. O sistema não pode encontrar o arquivo especificado.
File name: 'Microsoft.VisualStudio.TestPlatform.Fakes, Version=17.0.0.0, Culture=neutral, PublicKeyToken=null'
   at System.Reflection.RuntimeAssembly.InternalLoad(AssemblyName assemblyName, StackCrawlMark& stackMark, AssemblyLoadContext assemblyLoadContext, RuntimeAssembly requestingAssembly, Boolean throwOnFileNotFound)
   at System.Reflection.Assembly.Load(AssemblyName assemblyRef)
   at Microsoft.VisualStudio.TestPlatform.Common.Utilities.FakesUtilities.LoadTestPlatformAssembly()
TpTrace Verbose: 0 : 36632, 1, 2023/03/31, 14:14:19.495, 185631777861, vstest.console.dll, TestPluginCache.DiscoverTestExtensions: finding test extensions in assemblies ends with: TestLogger.dll TPluginInfo: Microsoft.VisualStudio.TestPlatform.Common.ExtensionFramework.Utilities.TestLoggerPluginInformation TExtension: Microsoft.VisualStudio.TestPlatform.ObjectModel.Client.ITestLogger
TpTrace Verbose: 0 : 36632, 1, 2023/03/31, 14:14:19.495, 185631779260, vstest.console.dll, TestPluginCache.GetExtensionPaths: Filtered extension paths: 
TpTrace Verbose: 0 : 36632, 1, 2023/03/31, 14:14:19.495, 185631779629, vstest.console.dll, TestPluginCache.GetExtensionPaths: Added default extension paths: C:\Program Files\dotnet\sdk\7.0.102\Extensions\Microsoft.Diagnostics.NETCore.Client.dll
C:\Program Files\dotnet\sdk\7.0.102\Extensions\Microsoft.TestPlatform.Extensions.BlameDataCollector.dll
C:\Program Files\dotnet\sdk\7.0.102\Extensions\Microsoft.TestPlatform.Extensions.EventLogCollector.dll
C:\Program Files\dotnet\sdk\7.0.102\Extensions\Microsoft.TestPlatform.TestHostRuntimeProvider.dll
C:\Program Files\dotnet\sdk\7.0.102\Extensions\Microsoft.VisualStudio.TestPlatform.Extensions.Html.TestLogger.dll
C:\Program Files\dotnet\sdk\7.0.102\Extensions\Microsoft.VisualStudio.TestPlatform.Extensions.Trx.TestLogger.dll
TpTrace Verbose: 0 : 36632, 1, 2023/03/31, 14:14:19.495, 185631779965, vstest.console.dll, TestPluginCache.GetExtensionPaths: Added unfilterableExtensionPaths: 
TpTrace Information: 0 : 36632, 1, 2023/03/31, 14:14:19.495, 185631781024, vstest.console.dll, AssemblyResolver.AddSearchDirectories: Adding more searchDirectories C:\Program Files\dotnet\sdk\7.0.102\Extensions,C:\Program Files\dotnet\sdk\7.0.102
TpTrace Verbose: 0 : 36632, 1, 2023/03/31, 14:14:19.495, 185631781492, vstest.console.dll, TestPluginCache.DiscoverTestExtensions: Discovering the extensions using extension path.
TpTrace Verbose: 0 : 36632, 1, 2023/03/31, 14:14:19.495, 185631781846, vstest.console.dll, TestPluginCache.GetExtensionPaths: Filtered extension paths: 
TpTrace Verbose: 0 : 36632, 1, 2023/03/31, 14:14:19.495, 185631782108, vstest.console.dll, TestPluginCache.GetExtensionPaths: Added default extension paths: C:\Program Files\dotnet\sdk\7.0.102\Extensions\Microsoft.Diagnostics.NETCore.Client.dll
C:\Program Files\dotnet\sdk\7.0.102\Extensions\Microsoft.TestPlatform.Extensions.BlameDataCollector.dll
C:\Program Files\dotnet\sdk\7.0.102\Extensions\Microsoft.TestPlatform.Extensions.EventLogCollector.dll
C:\Program Files\dotnet\sdk\7.0.102\Extensions\Microsoft.TestPlatform.TestHostRuntimeProvider.dll
C:\Program Files\dotnet\sdk\7.0.102\Extensions\Microsoft.VisualStudio.TestPlatform.Extensions.Html.TestLogger.dll
C:\Program Files\dotnet\sdk\7.0.102\Extensions\Microsoft.VisualStudio.TestPlatform.Extensions.Trx.TestLogger.dll
TpTrace Verbose: 0 : 36632, 1, 2023/03/31, 14:14:19.495, 185631782369, vstest.console.dll, TestPluginCache.GetExtensionPaths: Added unfilterableExtensionPaths: 
TpTrace Verbose: 0 : 36632, 1, 2023/03/31, 14:14:19.495, 185631782665, vstest.console.dll, TestPluginCache.DiscoverTestExtensions: Discovering the extensions using allExtensionPaths: C:\Program Files\dotnet\sdk\7.0.102\Extensions\Microsoft.Diagnostics.NETCore.Client.dll
C:\Program Files\dotnet\sdk\7.0.102\Extensions\Microsoft.TestPlatform.Extensions.BlameDataCollector.dll
C:\Program Files\dotnet\sdk\7.0.102\Extensions\Microsoft.TestPlatform.Extensions.EventLogCollector.dll
C:\Program Files\dotnet\sdk\7.0.102\Extensions\Microsoft.TestPlatform.TestHostRuntimeProvider.dll
C:\Program Files\dotnet\sdk\7.0.102\Extensions\Microsoft.VisualStudio.TestPlatform.Extensions.Html.TestLogger.dll
C:\Program Files\dotnet\sdk\7.0.102\Extensions\Microsoft.VisualStudio.TestPlatform.Extensions.Trx.TestLogger.dll
TpTrace Information: 0 : 36632, 1, 2023/03/31, 14:14:19.495, 185631783676, vstest.console.dll, AssemblyResolver.AddSearchDirectories: Adding more searchDirectories C:\Program Files\dotnet\sdk\7.0.102\Extensions,C:\Program Files\dotnet\sdk\7.0.102
TpTrace Information: 0 : 36632, 1, 2023/03/31, 14:14:19.495, 185631784072, vstest.console.dll, AssemblyResolver.AddSearchDirectories: Adding more searchDirectories C:\Program Files\dotnet\sdk\7.0.102\Extensions,C:\Program Files\dotnet\sdk\7.0.102
TpTrace Information: 0 : 36632, 1, 2023/03/31, 14:14:19.495, 185631784347, vstest.console.dll, AssemblyResolver.AddSearchDirectories: Adding more searchDirectories C:\Program Files\dotnet\sdk\7.0.102\Extensions,C:\Program Files\dotnet\sdk\7.0.102
TpTrace Information: 0 : 36632, 1, 2023/03/31, 14:14:19.496, 185631784612, vstest.console.dll, AssemblyResolver.AddSearchDirectories: Adding more searchDirectories C:\Program Files\dotnet\sdk\7.0.102\Extensions,C:\Program Files\dotnet\sdk\7.0.102
TpTrace Information: 0 : 36632, 1, 2023/03/31, 14:14:19.496, 185631784886, vstest.console.dll, AssemblyResolver.AddSearchDirectories: Adding more searchDirectories C:\Program Files\dotnet\sdk\7.0.102\Extensions,C:\Program Files\dotnet\sdk\7.0.102
TpTrace Information: 0 : 36632, 1, 2023/03/31, 14:14:19.496, 185631785215, vstest.console.dll, AssemblyResolver.AddSearchDirectories: Adding more searchDirectories C:\Program Files\dotnet\sdk\7.0.102\Extensions,C:\Program Files\dotnet\sdk\7.0.102
TpTrace Verbose: 0 : 36632, 1, 2023/03/31, 14:14:19.496, 185631786155, vstest.console.dll, MetadataReaderExtensionsHelper: Discovering extensions inside assembly 'Microsoft.Diagnostics.NETCore.Client, Version=0.2.6.42401, Culture=neutral, PublicKeyToken=31bf3856ad364e35' file path 'C:\Program Files\dotnet\sdk\7.0.102\Extensions\Microsoft.Diagnostics.NETCore.Client.dll'
TpTrace Information: 0 : 36632, 1, 2023/03/31, 14:14:19.496, 185631793048, vstest.console.dll, AssemblyResolver.OnResolve: Microsoft.Bcl.AsyncInterfaces: Resolving assembly.
TpTrace Information: 0 : 36632, 1, 2023/03/31, 14:14:19.496, 185631793949, vstest.console.dll, AssemblyResolver.OnResolve: Microsoft.Bcl.AsyncInterfaces: Resolved from cache.
TpTrace Verbose: 0 : 36632, 1, 2023/03/31, 14:14:19.496, 185631794232, vstest.console.dll, CurrentDomainAssemblyResolve: Resolving assembly 'Microsoft.Bcl.AsyncInterfaces'.
TpTrace Information: 0 : 36632, 1, 2023/03/31, 14:14:19.497, 185631794680, vstest.console.dll, AssemblyResolver.OnResolve: Microsoft.Bcl.AsyncInterfaces: Resolving assembly.
TpTrace Information: 0 : 36632, 1, 2023/03/31, 14:14:19.497, 185631794954, vstest.console.dll, AssemblyResolver.OnResolve: Microsoft.Bcl.AsyncInterfaces: Resolved from cache.
TpTrace Verbose: 0 : 36632, 1, 2023/03/31, 14:14:19.497, 185631795197, vstest.console.dll, CurrentDomainAssemblyResolve: Resolving assembly 'Microsoft.Bcl.AsyncInterfaces'.
TpTrace Verbose: 0 : 36632, 1, 2023/03/31, 14:14:19.497, 185631795437, vstest.console.dll, CurrentDomainAssemblyResolve: Failed to resolve assembly 'Microsoft.Bcl.AsyncInterfaces'.
TpTrace Verbose: 0 : 36632, 1, 2023/03/31, 14:14:19.497, 185631796729, vstest.console.dll, CurrentDomainAssemblyResolve: Failed to resolve assembly 'Microsoft.Bcl.AsyncInterfaces'.
TpTrace Warning: 0 : 36632, 1, 2023/03/31, 14:14:19.497, 185631799335, vstest.console.dll, TestPluginDiscoverer: Failed to get types from assembly 'Microsoft.Diagnostics.NETCore.Client, Version=0.2.6.42401, Culture=neutral, PublicKeyToken=31bf3856ad364e35'. Error: System.Reflection.ReflectionTypeLoadException: Unable to load one or more of the requested types.
Could not load file or assembly 'Microsoft.Bcl.AsyncInterfaces, Version=1.0.0.0, Culture=neutral, PublicKeyToken=cc7b13ffcd2ddd51'. O sistema não pode encontrar o arquivo especificado.
   at System.Reflection.RuntimeModule.GetTypes(RuntimeModule module)
   at System.Reflection.Assembly.GetTypes()
   at Microsoft.VisualStudio.TestPlatform.Common.ExtensionFramework.TestPluginDiscoverer.GetTestExtensionsFromAssembly[TPluginInfo,TExtension](Assembly assembly, Dictionary`2 pluginInfos, String filePath)
System.IO.FileNotFoundException: Could not load file or assembly 'Microsoft.Bcl.AsyncInterfaces, Version=1.0.0.0, Culture=neutral, PublicKeyToken=cc7b13ffcd2ddd51'. O sistema não pode encontrar o arquivo especificado.
File name: 'Microsoft.Bcl.AsyncInterfaces, Version=1.0.0.0, Culture=neutral, PublicKeyToken=cc7b13ffcd2ddd51'
 ---> System.IO.FileNotFoundException: Could not load file or assembly 'Microsoft.Bcl.AsyncInterfaces, Culture=neutral, PublicKeyToken=null'. O sistema não pode encontrar o arquivo especificado.
File name: 'Microsoft.Bcl.AsyncInterfaces, Culture=neutral, PublicKeyToken=null'
   at System.Reflection.RuntimeAssembly.InternalLoad(AssemblyName assemblyName, StackCrawlMark& stackMark, AssemblyLoadContext assemblyLoadContext, RuntimeAssembly requestingAssembly, Boolean throwOnFileNotFound)
   at System.Reflection.Assembly.Load(AssemblyName assemblyRef)
   at Microsoft.VisualStudio.TestPlatform.Common.ExtensionFramework.TestPluginCache.CurrentDomainAssemblyResolve(Object sender, AssemblyResolveEventArgs args)
   at System.Runtime.Loader.AssemblyLoadContext.GetFirstResolvedAssemblyFromResolvingEvent(AssemblyName assemblyName)
   at System.Runtime.Loader.AssemblyLoadContext.ResolveUsingEvent(AssemblyName assemblyName)
   at System.Runtime.Loader.AssemblyLoadContext.ResolveUsingResolvingEvent(IntPtr gchManagedAssemblyLoadContext, AssemblyName assemblyName)
TpTrace Warning: 0 : 36632, 1, 2023/03/31, 14:14:19.497, 185631800796, vstest.console.dll, LoaderExceptions: System.IO.FileNotFoundException: Could not load file or assembly 'Microsoft.Bcl.AsyncInterfaces, Version=1.0.0.0, Culture=neutral, PublicKeyToken=cc7b13ffcd2ddd51'. O sistema não pode encontrar o arquivo especificado.
File name: 'Microsoft.Bcl.AsyncInterfaces, Version=1.0.0.0, Culture=neutral, PublicKeyToken=cc7b13ffcd2ddd51'
 ---> System.IO.FileNotFoundException: Could not load file or assembly 'Microsoft.Bcl.AsyncInterfaces, Culture=neutral, PublicKeyToken=null'. O sistema não pode encontrar o arquivo especificado.
File name: 'Microsoft.Bcl.AsyncInterfaces, Culture=neutral, PublicKeyToken=null'
   at System.Reflection.RuntimeAssembly.InternalLoad(AssemblyName assemblyName, StackCrawlMark& stackMark, AssemblyLoadContext assemblyLoadContext, RuntimeAssembly requestingAssembly, Boolean throwOnFileNotFound)
   at System.Reflection.Assembly.Load(AssemblyName assemblyRef)
   at Microsoft.VisualStudio.TestPlatform.Common.ExtensionFramework.TestPluginCache.CurrentDomainAssemblyResolve(Object sender, AssemblyResolveEventArgs args)
   at System.Runtime.Loader.AssemblyLoadContext.GetFirstResolvedAssemblyFromResolvingEvent(AssemblyName assemblyName)
   at System.Runtime.Loader.AssemblyLoadContext.ResolveUsingEvent(AssemblyName assemblyName)
   at System.Runtime.Loader.AssemblyLoadContext.ResolveUsingResolvingEvent(IntPtr gchManagedAssemblyLoadContext, AssemblyName assemblyName)
TpTrace Verbose: 0 : 36632, 1, 2023/03/31, 14:14:19.497, 185631801543, vstest.console.dll, MetadataReaderExtensionsHelper: Discovering extensions inside assembly 'Microsoft.TestPlatform.Extensions.BlameDataCollector, Version=15.0.0.0, Culture=neutral, PublicKeyToken=b03f5f7f11d50a3a' file path 'C:\Program Files\dotnet\sdk\7.0.102\Extensions\Microsoft.TestPlatform.Extensions.BlameDataCollector.dll'
TpTrace Information: 0 : 36632, 1, 2023/03/31, 14:14:19.498, 185631806096, vstest.console.dll, GetTestExtensionFromType: Register extension with identifier data 'logger://Microsoft/TestPlatform/Extensions/Blame/v1' and type 'Microsoft.TestPlatform.Extensions.BlameDataCollector.BlameLogger, Microsoft.TestPlatform.Extensions.BlameDataCollector, Version=15.0.0.0, Culture=neutral, PublicKeyToken=b03f5f7f11d50a3a' inside file 'C:\Program Files\dotnet\sdk\7.0.102\Extensions\Microsoft.TestPlatform.Extensions.BlameDataCollector.dll'
TpTrace Verbose: 0 : 36632, 1, 2023/03/31, 14:14:19.498, 185631806902, vstest.console.dll, MetadataReaderExtensionsHelper: Discovering extensions inside assembly 'Microsoft.TestPlatform.Extensions.EventLogCollector, Version=15.0.0.0, Culture=neutral, PublicKeyToken=b03f5f7f11d50a3a' file path 'C:\Program Files\dotnet\sdk\7.0.102\Extensions\Microsoft.TestPlatform.Extensions.EventLogCollector.dll'
TpTrace Verbose: 0 : 36632, 1, 2023/03/31, 14:14:19.498, 185631809799, vstest.console.dll, MetadataReaderExtensionsHelper: Discovering extensions inside assembly 'Microsoft.TestPlatform.TestHostRuntimeProvider, Version=15.0.0.0, Culture=neutral, PublicKeyToken=b03f5f7f11d50a3a' file path 'C:\Program Files\dotnet\sdk\7.0.102\Extensions\Microsoft.TestPlatform.TestHostRuntimeProvider.dll'
TpTrace Verbose: 0 : 36632, 1, 2023/03/31, 14:14:19.498, 185631812964, vstest.console.dll, MetadataReaderExtensionsHelper: Discovering extensions inside assembly 'Microsoft.VisualStudio.TestPlatform.Extensions.Html.TestLogger, Version=15.0.0.0, Culture=neutral, PublicKeyToken=b03f5f7f11d50a3a' file path 'C:\Program Files\dotnet\sdk\7.0.102\Extensions\Microsoft.VisualStudio.TestPlatform.Extensions.Html.TestLogger.dll'
TpTrace Information: 0 : 36632, 1, 2023/03/31, 14:14:19.499, 185631817560, vstest.console.dll, GetTestExtensionFromType: Register extension with identifier data 'logger://Microsoft/TestPlatform/HtmlLogger/v1' and type 'Microsoft.VisualStudio.TestPlatform.Extensions.HtmlLogger.HtmlLogger, Microsoft.VisualStudio.TestPlatform.Extensions.Html.TestLogger, Version=15.0.0.0, Culture=neutral, PublicKeyToken=b03f5f7f11d50a3a' inside file 'C:\Program Files\dotnet\sdk\7.0.102\Extensions\Microsoft.VisualStudio.TestPlatform.Extensions.Html.TestLogger.dll'
TpTrace Verbose: 0 : 36632, 1, 2023/03/31, 14:14:19.499, 185631818337, vstest.console.dll, MetadataReaderExtensionsHelper: Discovering extensions inside assembly 'Microsoft.VisualStudio.TestPlatform.Extensions.Trx.TestLogger, Version=15.0.0.0, Culture=neutral, PublicKeyToken=b03f5f7f11d50a3a' file path 'C:\Program Files\dotnet\sdk\7.0.102\Extensions\Microsoft.VisualStudio.TestPlatform.Extensions.Trx.TestLogger.dll'
TpTrace Information: 0 : 36632, 1, 2023/03/31, 14:14:19.499, 185631821668, vstest.console.dll, GetTestExtensionFromType: Register extension with identifier data 'logger://Microsoft/TestPlatform/TrxLogger/v1' and type 'Microsoft.VisualStudio.TestPlatform.Extensions.TrxLogger.TrxLogger, Microsoft.VisualStudio.TestPlatform.Extensions.Trx.TestLogger, Version=15.0.0.0, Culture=neutral, PublicKeyToken=b03f5f7f11d50a3a' inside file 'C:\Program Files\dotnet\sdk\7.0.102\Extensions\Microsoft.VisualStudio.TestPlatform.Extensions.Trx.TestLogger.dll'
TpTrace Verbose: 0 : 36632, 1, 2023/03/31, 14:14:19.499, 185631822553, vstest.console.dll, TestPluginCache: Discovered the extensions using extension path ''.
TpTrace Verbose: 0 : 36632, 1, 2023/03/31, 14:14:19.499, 185631822892, vstest.console.dll, TestPluginCache: Discoverers are ''.
TpTrace Verbose: 0 : 36632, 1, 2023/03/31, 14:14:19.499, 185631823139, vstest.console.dll, TestPluginCache: Executors are ''.
TpTrace Verbose: 0 : 36632, 1, 2023/03/31, 14:14:19.499, 185631823375, vstest.console.dll, TestPluginCache: Executors2 are ''.
TpTrace Verbose: 0 : 36632, 1, 2023/03/31, 14:14:19.499, 185631823604, vstest.console.dll, TestPluginCache: Setting providers are ''.
TpTrace Verbose: 0 : 36632, 1, 2023/03/31, 14:14:19.499, 185631824173, vstest.console.dll, TestPluginCache: Loggers are 'logger://Microsoft/TestPlatform/Extensions/Blame/v1,logger://Microsoft/TestPlatform/HtmlLogger/v1,logger://Microsoft/TestPlatform/TrxLogger/v1'.
TpTrace Verbose: 0 : 36632, 1, 2023/03/31, 14:14:19.500, 185631824515, vstest.console.dll, TestPluginCache: TestHosts are 'HostProvider://DefaultTestHost,HostProvider://DotnetTestHost'.
TpTrace Verbose: 0 : 36632, 1, 2023/03/31, 14:14:19.500, 185631824771, vstest.console.dll, TestPluginCache: DataCollectors are ''.
TpTrace Information: 0 : 36632, 1, 2023/03/31, 14:14:19.500, 185631831623, vstest.console.dll, TestPluginManager.CreateTestExtension: Attempting to load test extension: Microsoft.TestPlatform.Extensions.BlameDataCollector.BlameLogger
TpTrace Verbose: 0 : 36632, 1, 2023/03/31, 14:14:19.511, 185631941422, vstest.console.dll, TestEngine: Initializing Parallel Execution as MaxCpuCount is set to: 1
TpTrace Information: 0 : 36632, 1, 2023/03/31, 14:14:19.513, 185631959940, vstest.console.dll, TestPluginManager.CreateTestExtension: Attempting to load test extension: Microsoft.VisualStudio.TestPlatform.CrossPlatEngine.Hosting.DefaultTestHostManager
TpTrace Information: 0 : 36632, 1, 2023/03/31, 14:14:19.515, 185631977496, vstest.console.dll, TestPluginManager.CreateTestExtension: Attempting to load test extension: Microsoft.VisualStudio.TestPlatform.CrossPlatEngine.Hosting.DotnetTestHostManager
TpTrace Information: 0 : 36632, 1, 2023/03/31, 14:14:19.515, 185631983379, vstest.console.dll, InferRunSettingsHelper.IsTestSettingsEnabled: Unable to navigate to RunSettings/MSTest. Current node: RunSettings
TpTrace Verbose: 0 : 36632, 1, 2023/03/31, 14:14:19.519, 185632016122, vstest.console.dll, TestEngine.GetExecutionManager: Chosen execution manager 'Microsoft.VisualStudio.TestPlatform.CrossPlatEngine.Client.Parallel.ParallelProxyExecutionManager, Microsoft.TestPlatform.CrossPlatEngine, Version=15.0.0.0, Culture=neutral, PublicKeyToken=b03f5f7f11d50a3a' ParallelLevel '1'.
TpTrace Verbose: 0 : 36632, 1, 2023/03/31, 14:14:19.519, 185632017478, vstest.console.dll, TestRunRequest.ExecuteAsync: Creating test run request.
TpTrace Verbose: 0 : 36632, 1, 2023/03/31, 14:14:19.519, 185632019250, vstest.console.dll, TestRunRequest.ExecuteAsync: Starting.
TpTrace Information: 0 : 36632, 1, 2023/03/31, 14:14:19.519, 185632021755, vstest.console.dll, TestRunRequest.ExecuteAsync: Starting run with settings:TestRunCriteria:
   KeepAlive=False,FrequencyOfRunStatsChangeEvent=10,RunStatsChangeEventTimeout=00:00:01.5000000,TestCaseFilter=,TestExecutorLauncher=
   Settingsxml=<RunSettings>
  <RunConfiguration>
    <ResultsDirectory>C:\balta\BaltaStore\BaltaStore.Tests\bin\Debug\net7.0\fine-code-coverage\coverage-tool-output</ResultsDirectory>
    <TargetPlatform>X64</TargetPlatform>
    <TargetFrameworkVersion>.NETCoreApp,Version=v7.0</TargetFrameworkVersion>
    <DesignMode>False</DesignMode>
    <CollectSourceInformation>False</CollectSourceInformation>
  </RunConfiguration>
  <LoggerRunSettings>
    <Loggers>
      <Logger friendlyName="blame" enabled="True" />
      <Logger friendlyName="Console" uri="logger://microsoft/TestPlatform/ConsoleLogger/v1" assemblyQualifiedName="Microsoft.VisualStudio.TestPlatform.CommandLine.Internal.ConsoleLogger, vstest.console, Version=15.0.0.0, Culture=neutral, PublicKeyToken=b03f5f7f11d50a3a" codeBase="C:\Program Files\dotnet\sdk\7.0.102\vstest.console.dll" enabled="True" />
    </Loggers>
  </LoggerRunSettings>
  <DataCollectionRunSettings>
    <DataCollectors>
      <DataCollector friendlyName="blame" enabled="True">
        <Configuration>
          <ResultsDirectory>C:\balta\BaltaStore\BaltaStore.Tests\bin\Debug\net7.0\fine-code-coverage\coverage-tool-output</ResultsDirectory>
        </Configuration>
      </DataCollector>
    </DataCollectors>
  </DataCollectionRunSettings>
</RunSettings>

TpTrace Verbose: 0 : 36632, 1, 2023/03/31, 14:14:19.519, 185632022317, vstest.console.dll, TestRunRequest.ExecuteAsync: Wait for the first run request is over.
TpTrace Verbose: 0 : 36632, 1, 2023/03/31, 14:14:19.520, 185632024417, vstest.console.dll, MulticastDelegateUtilities.SafeInvoke: TestRun.TestRunStart: Invoking callbacks was skipped because there are no subscribers.
TpTrace Verbose: 0 : 36632, 4, 2023/03/31, 14:14:19.520, 185632026888, vstest.console.dll, MulticastDelegateUtilities.SafeInvoke: InternalTestLoggerEvents.SendTestRunStart: Invoking callback 1/1 for Microsoft.VisualStudio.TestPlatform.CommandLine.Internal.ConsoleLogger., took 0 ms.
TpTrace Verbose: 0 : 36632, 1, 2023/03/31, 14:14:19.521, 185632036594, vstest.console.dll, ParallelProxyExecutionManager: Start execution. Total sources: 1
TpTrace Verbose: 0 : 36632, 1, 2023/03/31, 14:14:19.523, 185632060406, vstest.console.dll, TestRequestSender is acting as server.
TpTrace Verbose: 0 : 36632, 1, 2023/03/31, 14:14:19.525, 185632076617, vstest.console.dll, DataCollectionRequestSender.InitializeCommunication : Initialize communication. 
TpTrace Information: 0 : 36632, 1, 2023/03/31, 14:14:19.535, 185632183356, vstest.console.dll, Listening on Endpoint : 127.0.0.1:61814
TpTrace Verbose: 0 : 36632, 1, 2023/03/31, 14:14:19.543, 185632258104, vstest.console.dll, DotnetDataCollectionLauncher: Adding  --runtimeconfig "C:\Program Files\dotnet\sdk\7.0.102\datacollector.runtimeconfig.json" in args
TpTrace Verbose: 0 : 36632, 1, 2023/03/31, 14:14:19.544, 185632264380, vstest.console.dll, DotnetDataCollectionLauncher: Adding  --depsfile "C:\Program Files\dotnet\sdk\7.0.102\datacollector.deps.json" in args
TpTrace Verbose: 0 : 36632, 1, 2023/03/31, 14:14:19.544, 185632266820, vstest.console.dll, DotnetDataCollectionLauncher: Full path of dotnet.exe is C:\Program Files\dotnet\dotnet.exe
TpTrace Information: 0 : 36632, 1, 2023/03/31, 14:14:19.558, 185632405652, vstest.console.dll, ProxyDataCollectionManager.Initialize: Launched datacollector processId: 27692 port: 61814
TpTrace Information: 0 : 36632, 1, 2023/03/31, 14:14:19.558, 185632408077, vstest.console.dll, ProxyDataCollectionManager.Initialize: waiting for connection with timeout: 90 seconds
TpTrace Verbose: 0 : 36632, 1, 2023/03/31, 14:14:19.558, 185632408837, vstest.console.dll, DataCollectionRequestSender.WaitForRequestHandlerConnection : Waiting for connection with timeout: 90000
TpTrace Information: 0 : 36632, 7, 2023/03/31, 14:14:19.835, 185635181327, vstest.console.dll, Using the buffer size of 16384 bytes
TpTrace Information: 0 : 36632, 7, 2023/03/31, 14:14:19.835, 185635183196, vstest.console.dll, Accepted Client request and set the flag
TpTrace Verbose: 0 : 36632, 1, 2023/03/31, 14:14:19.835, 185635181512, vstest.console.dll, SocketCommunicationManager.WaitForClientConnection took: 277 ms, with 90000 ms timeout, and finished with True.
TpTrace Verbose: 0 : 36632, 1, 2023/03/31, 14:14:19.836, 185635184978, vstest.console.dll, ProxyDataCollectionManager.InvokeDataCollectionServiceAction: Starting.
TpTrace Information: 0 : 36632, 1, 2023/03/31, 14:14:19.836, 185635185763, vstest.console.dll, ProxyDataCollectionManager.BeforeTestRunStart: Get environment variable and port for datacollector processId: 27692 port: 61814
TpTrace Verbose: 0 : 36632, 1, 2023/03/31, 14:14:19.836, 185635187510, vstest.console.dll, DataCollectionRequestSender.SendBeforeTestRunStartAndGetResult: Send BeforeTestRunStart message with settingsXml <RunSettings><RunConfiguration><ResultsDirectory>C:\balta\BaltaStore\BaltaStore.Tests\bin\Debug\net7.0\fine-code-coverage\coverage-tool-output</ResultsDirectory><TargetPlatform>X64</TargetPlatform><TargetFrameworkVersion>.NETCoreApp,Version=v7.0</TargetFrameworkVersion><DesignMode>False</DesignMode><CollectSourceInformation>False</CollectSourceInformation><TestAdaptersPaths>C:\Program Files\dotnet\sdk\7.0.102\Extensions</TestAdaptersPaths></RunConfiguration><LoggerRunSettings><Loggers><Logger friendlyName="blame" enabled="True" /><Logger friendlyName="Console" uri="logger://microsoft/TestPlatform/ConsoleLogger/v1" assemblyQualifiedName="Microsoft.VisualStudio.TestPlatform.CommandLine.Internal.ConsoleLogger, vstest.console, Version=15.0.0.0, Culture=neutral, PublicKeyToken=b03f5f7f11d50a3a" codeBase="C:\Program Files\dotnet\sdk\7.0.102\vstest.console.dll" enabled="True" /></Loggers></LoggerRunSettings><DataCollectionRunSettings><DataCollectors><DataCollector friendlyName="blame" enabled="True"><Configuration><ResultsDirectory>C:\balta\BaltaStore\BaltaStore.Tests\bin\Debug\net7.0\fine-code-coverage\coverage-tool-output</ResultsDirectory></Configuration></DataCollector></DataCollectors></DataCollectionRunSettings></RunSettings> and sources System.Collections.Generic.List`1[System.String]: 
TpTrace Verbose: 0 : 36632, 1, 2023/03/31, 14:14:19.917, 185635995310, vstest.console.dll, DataCollectionRequestSender.SendBeforeTestRunStartAndGetResult: Received message: (DataCollection.SendMessage) -> {"MessageType":"DataCollection.SendMessage","Payload":{"FriendlyName":null,"Uri":null,"TestCaseId":"00000000-0000-0000-0000-000000000000","Message":"Logging DataCollector Diagnostics in file: C:\\balta\\BaltaStore\\BaltaStore.Tests\\bin\\Debug\\net7.0\\fine-code-coverage\\coverage-tool-output\\diagnostics.datacollector.23-03-31_14-14-19_54259_1.log","Level":0}}
TpTrace Verbose: 0 : 36632, 1, 2023/03/31, 14:14:20.010, 185636928421, vstest.console.dll, DataCollectionRequestSender.SendBeforeTestRunStartAndGetResult: Received message: (DataCollection.BeforeTestRunStartResult) -> {"MessageType":"DataCollection.BeforeTestRunStartResult","Payload":{"EnvironmentVariables":{},"DataCollectionEventsPort":61816}}
TpTrace Information: 0 : 36632, 1, 2023/03/31, 14:14:20.015, 185636982200, vstest.console.dll, ProxyDataCollectionManager.BeforeTestRunStart: SendBeforeTestRunStartAndGetResult successful, env variable from datacollector:   and testhost port: 61816
TpTrace Information: 0 : 36632, 1, 2023/03/31, 14:14:20.015, 185636983701, vstest.console.dll, ProxyDataCollectionManager.InvokeDataCollectionServiceAction: Completed.
TpTrace Verbose: 0 : 36632, 1, 2023/03/31, 14:14:20.016, 185636985381, vstest.console.dll, ProxyParallelExecutionManager: No sources available for execution.
TpTrace Information: 0 : 36632, 1, 2023/03/31, 14:14:20.016, 185636986106, vstest.console.dll, TestRunRequest.ExecuteAsync: Started.
TpTrace Verbose: 0 : 36632, 7, 2023/03/31, 14:14:20.016, 185636986450, vstest.console.dll, ParallelProxyExecutionManager: Execution started. Started clients: 1
TpTrace Verbose: 0 : 36632, 1, 2023/03/31, 14:14:20.016, 185636986949, vstest.console.dll, TestRunRequest.WaitForCompletion: Waiting with timeout -1.
TpTrace Verbose: 0 : 36632, 7, 2023/03/31, 14:14:20.016, 185636989115, vstest.console.dll, TestRunRequest:SendTestRunMessage: Starting.
TpTrace Verbose: 0 : 36632, 7, 2023/03/31, 14:14:20.016, 185636990578, vstest.console.dll, MulticastDelegateUtilities.SafeInvoke: TestRun.LogMessages: Invoking callback 1/1 for Microsoft.VisualStudio.TestPlatform.CommandLine.TestRunResultAggregator., took 0 ms.
TpTrace Information: 0 : 36632, 7, 2023/03/31, 14:14:20.016, 185636991004, vstest.console.dll, TestRunRequest:SendTestRunMessage: Completed.
TpTrace Verbose: 0 : 36632, 7, 2023/03/31, 14:14:20.016, 185636992991, vstest.console.dll, ProxyExecutionManager: Test host is always Lazy initialize.
TpTrace Verbose: 0 : 36632, 4, 2023/03/31, 14:14:20.016, 185636993291, vstest.console.dll, MulticastDelegateUtilities.SafeInvoke: InternalTestLoggerEvents.SendTestRunMessage: Invoking callback 1/1 for Microsoft.VisualStudio.TestPlatform.CommandLine.Internal.ConsoleLogger., took 0 ms.
TpTrace Verbose: 0 : 36632, 7, 2023/03/31, 14:14:20.017, 185636995212, vstest.console.dll, TestRequestSender.InitializeCommunication: initialize communication. 
TpTrace Information: 0 : 36632, 7, 2023/03/31, 14:14:20.017, 185637000005, vstest.console.dll, SocketServer.Start: Listening on endpoint : 127.0.0.1:61817
TpTrace Verbose: 0 : 36632, 7, 2023/03/31, 14:14:20.018, 185637008485, vstest.console.dll, DotnetTestHostmanager.GetTestHostProcessStartInfo: Platform environment 'X64' target architecture 'X64' framework '.NETCoreApp,Version=v7.0' OS 'Windows'
TpTrace Verbose: 0 : 36632, 7, 2023/03/31, 14:14:20.018, 185637010893, vstest.console.dll, DotnetTestHostmanager: Adding  --runtimeconfig "C:\balta\BaltaStore\BaltaStore.Tests\bin\Debug\net7.0\fine-code-coverage\build-output\BaltaStore.Tests.runtimeconfig.json" in args
TpTrace Verbose: 0 : 36632, 7, 2023/03/31, 14:14:20.018, 185637011854, vstest.console.dll, DotnetTestHostmanager: Adding  --depsfile "C:\balta\BaltaStore\BaltaStore.Tests\bin\Debug\net7.0\fine-code-coverage\build-output\BaltaStore.Tests.deps.json" in args
TpTrace Verbose: 0 : 36632, 7, 2023/03/31, 14:14:20.018, 185637014270, vstest.console.dll, DotnetTestHostmanager.IsWinOnArm: Current PROCESSOR_ARCHITECTURE from environment variable 'AMD64'
TpTrace Verbose: 0 : 36632, 7, 2023/03/31, 14:14:20.019, 185637015080, vstest.console.dll, DotnetTestHostmanager.IsWinOnArm: Is Windows on ARM 'False'
TpTrace Verbose: 0 : 36632, 7, 2023/03/31, 14:14:20.019, 185637015911, vstest.console.dll, DotnetTestHostManager: testhost.exe found at path: C:\balta\BaltaStore\BaltaStore.Tests\bin\Debug\net7.0\fine-code-coverage\build-output\testhost.exe
TpTrace Verbose: 0 : 36632, 7, 2023/03/31, 14:14:20.019, 185637016466, vstest.console.dll, DotnetTestHostmanager: Full path of host exe is C:\balta\BaltaStore\BaltaStore.Tests\bin\Debug\net7.0\fine-code-coverage\build-output\testhost.exe
TpTrace Verbose: 0 : 36632, 7, 2023/03/31, 14:14:20.019, 185637018013, vstest.console.dll, DotnetTestHostmanager.LaunchTestHostAsync: Found 'VSTEST_WINAPPHOST_DOTNET_ROOT' in env variables, value 'C:\Program Files\dotnet', forwarding to 'DOTNET_ROOT'
TpTrace Verbose: 0 : 36632, 7, 2023/03/31, 14:14:20.019, 185637020312, vstest.console.dll, DotnetTestHostManager: Starting process 'C:\balta\BaltaStore\BaltaStore.Tests\bin\Debug\net7.0\fine-code-coverage\build-output\testhost.exe' with command line ' --runtimeconfig "C:\balta\BaltaStore\BaltaStore.Tests\bin\Debug\net7.0\fine-code-coverage\build-output\BaltaStore.Tests.runtimeconfig.json" --depsfile "C:\balta\BaltaStore\BaltaStore.Tests\bin\Debug\net7.0\fine-code-coverage\build-output\BaltaStore.Tests.deps.json" --port 61817 --endpoint 127.0.0.1:061817 --role client --parentprocessid 36632 --diag "C:\balta\BaltaStore\BaltaStore.Tests\bin\Debug\net7.0\fine-code-coverage\coverage-tool-output\diagnostics.host.23-03-31_14-14-20_01794_7.log" --tracelevel 4 --datacollectionport 61816 --telemetryoptedin false'
TpTrace Verbose: 0 : 36632, 7, 2023/03/31, 14:14:20.043, 185637259120, vstest.console.dll, MulticastDelegateUtilities.SafeInvoke: HostProviderEvents.OnHostLaunched: Invoking callback 1/2 for Microsoft.VisualStudio.TestPlatform.CrossPlatEngine.Client.ProxyExecutionManagerWithDataCollection., took 1 ms.
TpTrace Verbose: 0 : 36632, 7, 2023/03/31, 14:14:20.043, 185637263376, vstest.console.dll, Test Runtime launched
TpTrace Verbose: 0 : 36632, 7, 2023/03/31, 14:14:20.044, 185637264814, vstest.console.dll, MulticastDelegateUtilities.SafeInvoke: HostProviderEvents.OnHostLaunched: Invoking callback 2/2 for Microsoft.VisualStudio.TestPlatform.CrossPlatEngine.Client.ProxyOperationManager., took 0 ms.
TpTrace Verbose: 0 : 36632, 7, 2023/03/31, 14:14:20.044, 185637266708, vstest.console.dll, TestRequestSender.WaitForRequestHandlerConnection: waiting for connection with timeout: 90000.
TpTrace Verbose: 0 : 36632, 12, 2023/03/31, 14:14:20.456, 185641392966, vstest.console.dll, MulticastDelegateUtilities.SafeInvoke: SocketServer: ClientConnected: Invoking callback 1/1 for Microsoft.VisualStudio.TestPlatform.CommunicationUtilities.TestRequestSender., took 0 ms.
TpTrace Verbose: 0 : 36632, 7, 2023/03/31, 14:14:20.456, 185641392966, vstest.console.dll, TestRequestSender.WaitForRequestHandlerConnection: waiting took 412 ms, with timeout 90000 ms, and result 0, which is success.
TpTrace Verbose: 0 : 36632, 12, 2023/03/31, 14:14:20.457, 185641395084, vstest.console.dll, SocketServer.OnClientConnected: Client connected for endPoint: 127.0.0.1:61817, starting MessageLoopAsync:
TpTrace Verbose: 0 : 36632, 11, 2023/03/31, 14:14:20.457, 185641399785, vstest.console.dll, TcpClientExtensions.MessageLoopAsync: Polling on remoteEndPoint: 127.0.0.1:61818 localEndPoint: 127.0.0.1:61817
TpTrace Verbose: 0 : 36632, 7, 2023/03/31, 14:14:20.458, 185641407439, vstest.console.dll, TestRequestSender.CheckVersionWithTestHost: Sending check version message: {"MessageType":"ProtocolVersion","Payload":7}
TpTrace Verbose: 0 : 36632, 11, 2023/03/31, 14:14:20.590, 185642724399, vstest.console.dll, TcpClientExtensions.MessageLoopAsync: NotifyDataAvailable remoteEndPoint: 127.0.0.1:61818 localEndPoint: 127.0.0.1:61817
TpTrace Verbose: 0 : 36632, 11, 2023/03/31, 14:14:20.590, 185642727597, vstest.console.dll, TestRequestSender.CheckVersionWithTestHost: onMessageReceived received message: (ProtocolVersion) -> {"MessageType":"ProtocolVersion","Payload":7}
TpTrace Verbose: 0 : 36632, 11, 2023/03/31, 14:14:20.591, 185642737870, vstest.console.dll, MulticastDelegateUtilities.SafeInvoke: LengthPrefixCommunicationChannel: MessageReceived: Invoking callback 1/1 for Microsoft.VisualStudio.TestPlatform.CommunicationUtilities.TestRequestSender+<>c__DisplayClass26_0., took 1 ms.
TpTrace Verbose: 0 : 36632, 7, 2023/03/31, 14:14:20.591, 185642738804, vstest.console.dll, TestPluginCache.GetExtensionPaths: Filtered extension paths: 
TpTrace Verbose: 0 : 36632, 11, 2023/03/31, 14:14:20.591, 185642739734, vstest.console.dll, TcpClientExtensions.MessageLoopAsync: Polling on remoteEndPoint: 127.0.0.1:61818 localEndPoint: 127.0.0.1:61817
TpTrace Verbose: 0 : 36632, 7, 2023/03/31, 14:14:20.591, 185642740742, vstest.console.dll, TestPluginCache.GetExtensionPaths: Added default extension paths: C:\Program Files\dotnet\sdk\7.0.102\Extensions\Microsoft.Diagnostics.NETCore.Client.dll
C:\Program Files\dotnet\sdk\7.0.102\Extensions\Microsoft.TestPlatform.Extensions.BlameDataCollector.dll
C:\Program Files\dotnet\sdk\7.0.102\Extensions\Microsoft.TestPlatform.Extensions.EventLogCollector.dll
C:\Program Files\dotnet\sdk\7.0.102\Extensions\Microsoft.TestPlatform.TestHostRuntimeProvider.dll
C:\Program Files\dotnet\sdk\7.0.102\Extensions\Microsoft.VisualStudio.TestPlatform.Extensions.Html.TestLogger.dll
C:\Program Files\dotnet\sdk\7.0.102\Extensions\Microsoft.VisualStudio.TestPlatform.Extensions.Trx.TestLogger.dll
TpTrace Verbose: 0 : 36632, 7, 2023/03/31, 14:14:20.591, 185642741854, vstest.console.dll, TestPluginCache.GetExtensionPaths: Added unfilterableExtensionPaths: 
TpTrace Verbose: 0 : 36632, 7, 2023/03/31, 14:14:20.596, 185642788666, vstest.console.dll, TestRequestSender.InitializeExecution: Sending initialize execution with message: {"Version":7,"MessageType":"TestExecution.Initialize","Payload":["C:\\balta\\BaltaStore\\BaltaStore.Tests\\bin\\Debug\\net7.0\\fine-code-coverage\\build-output\\Microsoft.VisualStudio.TestPlatform.MSTest.TestAdapter.dll"]}
TpTrace Warning: 0 : 36632, 7, 2023/03/31, 14:14:20.597, 185642796506, vstest.console.dll, InferRunSettingsHelper.MakeRunsettingsCompatible: Removing the following settings: TargetPlatform from RunSettings file. To use those settings please move to latest version of Microsoft.NET.Test.Sdk
TpTrace Verbose: 0 : 36632, 11, 2023/03/31, 14:14:20.600, 185642827720, vstest.console.dll, TcpClientExtensions.MessageLoopAsync: NotifyDataAvailable remoteEndPoint: 127.0.0.1:61818 localEndPoint: 127.0.0.1:61817
TpTrace Verbose: 0 : 36632, 11, 2023/03/31, 14:14:20.600, 185642833135, vstest.console.dll, TestRequestSender.OnExecutionMessageReceived: Received message: {"Version":7,"MessageType":"TestSession.Message","Payload":{"MessageLevel":0,"Message":"Logging TestHost Diagnostics in file: C:\\balta\\BaltaStore\\BaltaStore.Tests\\bin\\Debug\\net7.0\\fine-code-coverage\\coverage-tool-output\\diagnostics.host.23-03-31_14-14-20_01794_7.log"}}
TpTrace Verbose: 0 : 36632, 11, 2023/03/31, 14:14:20.602, 185642853762, vstest.console.dll, TestRunRequest:SendTestRunMessage: Starting.
TpTrace Verbose: 0 : 36632, 11, 2023/03/31, 14:14:20.603, 185642855889, vstest.console.dll, MulticastDelegateUtilities.SafeInvoke: TestRun.LogMessages: Invoking callback 1/1 for Microsoft.VisualStudio.TestPlatform.CommandLine.TestRunResultAggregator., took 0 ms.
TpTrace Information: 0 : 36632, 11, 2023/03/31, 14:14:20.603, 185642856517, vstest.console.dll, TestRunRequest:SendTestRunMessage: Completed.
TpTrace Verbose: 0 : 36632, 4, 2023/03/31, 14:14:20.603, 185642856195, vstest.console.dll, MulticastDelegateUtilities.SafeInvoke: InternalTestLoggerEvents.SendTestRunMessage: Invoking callback 1/1 for Microsoft.VisualStudio.TestPlatform.CommandLine.Internal.ConsoleLogger., took 0 ms.
TpTrace Verbose: 0 : 36632, 11, 2023/03/31, 14:14:20.603, 185642857053, vstest.console.dll, MulticastDelegateUtilities.SafeInvoke: LengthPrefixCommunicationChannel: MessageReceived: Invoking callback 1/1 for Microsoft.VisualStudio.TestPlatform.CommunicationUtilities.TestRequestSender+<>c__DisplayClass31_0., took 2 ms.
TpTrace Verbose: 0 : 36632, 11, 2023/03/31, 14:14:20.603, 185642859667, vstest.console.dll, TcpClientExtensions.MessageLoopAsync: Polling on remoteEndPoint: 127.0.0.1:61818 localEndPoint: 127.0.0.1:61817
TpTrace Verbose: 0 : 36632, 7, 2023/03/31, 14:14:20.605, 185642877487, vstest.console.dll, TestRequestSender.StartTestRun: Sending test run with message: {"Version":7,"MessageType":"TestExecution.StartWithSources","Payload":{"AdapterSourceMap":{"_none_":["C:\\balta\\BaltaStore\\BaltaStore.Tests\\bin\\Debug\\net7.0\\fine-code-coverage\\build-output\\BaltaStore.Tests.dll"]},"RunSettings":"<RunSettings>\r\n  <RunConfiguration>\r\n    <ResultsDirectory>C:\\balta\\BaltaStore\\BaltaStore.Tests\\bin\\Debug\\net7.0\\fine-code-coverage\\coverage-tool-output</ResultsDirectory>\r\n    <TargetFrameworkVersion>.NETCoreApp,Version=v7.0</TargetFrameworkVersion>\r\n    <DesignMode>False</DesignMode>\r\n    <CollectSourceInformation>False</CollectSourceInformation>\r\n  </RunConfiguration>\r\n  <LoggerRunSettings>\r\n    <Loggers>\r\n      <Logger friendlyName=\"blame\" enabled=\"True\" />\r\n      <Logger friendlyName=\"Console\" uri=\"logger://microsoft/TestPlatform/ConsoleLogger/v1\" assemblyQualifiedName=\"Microsoft.VisualStudio.TestPlatform.CommandLine.Internal.ConsoleLogger, vstest.console, Version=15.0.0.0, Culture=neutral, PublicKeyToken=b03f5f7f11d50a3a\" codeBase=\"C:\\Program Files\\dotnet\\sdk\\7.0.102\\vstest.console.dll\" enabled=\"True\" />\r\n    </Loggers>\r\n  </LoggerRunSettings>\r\n  <DataCollectionRunSettings>\r\n    <DataCollectors>\r\n      <DataCollector friendlyName=\"blame\" enabled=\"True\">\r\n        <Configuration>\r\n          <ResultsDirectory>C:\\balta\\BaltaStore\\BaltaStore.Tests\\bin\\Debug\\net7.0\\fine-code-coverage\\coverage-tool-output</ResultsDirectory>\r\n        </Configuration>\r\n      </DataCollector>\r\n    </DataCollectors>\r\n  </DataCollectionRunSettings>\r\n</RunSettings>","TestExecutionContext":{"FrequencyOfRunStatsChangeEvent":10,"RunStatsChangeEventTimeout":"00:00:01.5000000","InIsolation":false,"KeepAlive":false,"AreTestCaseLevelEventsRequired":false,"IsDebug":false,"TestCaseFilter":null,"FilterOptions":null},"Package":null}}
TpTrace Verbose: 0 : 36632, 11, 2023/03/31, 14:14:21.084, 185647666686, vstest.console.dll, TcpClientExtensions.MessageLoopAsync: NotifyDataAvailable remoteEndPoint: 127.0.0.1:61818 localEndPoint: 127.0.0.1:61817
TpTrace Verbose: 0 : 36632, 11, 2023/03/31, 14:14:21.084, 185647670203, vstest.console.dll, TestRequestSender.OnExecutionMessageReceived: Received message: {"Version":7,"MessageType":"TestExecution.StatsChange","Payload":{"NewTestResults":[{"TestCase":{"Id":"cb3893bf-ca28-2f72-d60f-0e6de0248003","FullyQualifiedName":"BaltaStore.Tests.OrderTests.ShouldCreateOrderWhenValid","DisplayName":"ShouldCreateOrderWhenValid","ExecutorUri":"executor://MSTestAdapter/v2","Source":"C:\\balta\\BaltaStore\\BaltaStore.Tests\\bin\\Debug\\net7.0\\fine-code-coverage\\build-output\\BaltaStore.Tests.dll","CodeFilePath":null,"LineNumber":-1,"Properties":[{"Key":{"Id":"TestCase.ManagedType","Label":"ManagedType","Category":"","Description":"","Attributes":1,"ValueType":"System.String"},"Value":"BaltaStore.Tests.OrderTests"},{"Key":{"Id":"TestCase.ManagedMethod","Label":"ManagedMethod","Category":"","Description":"","Attributes":1,"ValueType":"System.String"},"Value":"ShouldCreateOrderWhenValid"},{"Key":{"Id":"MSTestDiscoverer.TestClassName","Label":"ClassName","Category":"","Description":"","Attributes":1,"ValueType":"System.String"},"Value":"BaltaStore.Tests.OrderTests"},{"Key":{"Id":"TestCase.Hierarchy","Label":"Hierarchy","Category":"","Description":"","Attributes":2,"ValueType":"System.String[]"},"Value":["BaltaStore.Tests","OrderTests"]},{"Key":{"Id":"TestObject.Traits","Label":"Traits","Category":"","Description":"","Attributes":5,"ValueType":"System.Collections.Generic.KeyValuePair`2[[System.String],[System.String]][]"},"Value":[]}]},"Attachments":[],"Outcome":1,"ErrorMessage":null,"ErrorStackTrace":null,"DisplayName":"ShouldCreateOrderWhenValid","Messages":[],"ComputerName":null,"Duration":"00:00:00.0186575","StartTime":"2023-03-31T14:14:20.946597-03:00","EndTime":"2023-03-31T14:14:20.9819306-03:00","Properties":[{"Key":{"Id":"ExecutionId","Label":"ExecutionId","Category":"","Description":"","Attributes":1,"ValueType":"System.Guid"},"Value":"00000000-0000-0000-0000-000000000000"},{"Key":{"Id":"ParentExecId","Label":"ParentExecId","Category":"","Description":"","Attributes":1,"ValueType":"System.Guid"},"Value":"00000000-0000-0000-0000-000000000000"},{"Key":{"Id":"InnerResultsCount","Label":"InnerResultsCount","Category":"","Description":"","Attributes":1,"ValueType":"System.Int32"},"Value":0}]},{"TestCase":{"Id":"e37ad9e7-cbe2-1d60-d13f-46edf8cde0c4","FullyQualifiedName":"BaltaStore.Tests.OrderTests.StatusShouldBeCreatedWhenOrderCreated","DisplayName":"StatusShouldBeCreatedWhenOrderCreated","ExecutorUri":"executor://MSTestAdapter/v2","Source":"C:\\balta\\BaltaStore\\BaltaStore.Tests\\bin\\Debug\\net7.0\\fine-code-coverage\\build-output\\BaltaStore.Tests.dll","CodeFilePath":null,"LineNumber":-1,"Properties":[{"Key":{"Id":"TestCase.ManagedType","Label":"ManagedType","Category":"","Description":"","Attributes":1,"ValueType":"System.String"},"Value":"BaltaStore.Tests.OrderTests"},{"Key":{"Id":"TestCase.ManagedMethod","Label":"ManagedMethod","Category":"","Description":"","Attributes":1,"ValueType":"System.String"},"Value":"StatusShouldBeCreatedWhenOrderCreated"},{"Key":{"Id":"MSTestDiscoverer.TestClassName","Label":"ClassName","Category":"","Description":"","Attributes":1,"ValueType":"System.String"},"Value":"BaltaStore.Tests.OrderTests"},{"Key":{"Id":"TestCase.Hierarchy","Label":"Hierarchy","Category":"","Description":"","Attributes":2,"ValueType":"System.String[]"},"Value":["BaltaStore.Tests","OrderTests"]},{"Key":{"Id":"TestObject.Traits","Label":"Traits","Category":"","Description":"","Attributes":5,"ValueType":"System.Collections.Generic.KeyValuePair`2[[System.String],[System.String]][]"},"Value":[]}]},"Attachments":[],"Outcome":1,"ErrorMessage":null,"ErrorStackTrace":null,"DisplayName":"StatusShouldBeCreatedWhenOrderCreated","Messages":[],"ComputerName":null,"Duration":"00:00:00.0007231","StartTime":"2023-03-31T14:14:21.0093803-03:00","EndTime":"2023-03-31T14:14:21.0106469-03:00","Properties":[{"Key":{"Id":"ExecutionId","Label":"ExecutionId","Category":"","Description":"","Attributes":1,"ValueType":"System.Guid"},"Value":"00000000-0000-0000-0000-000000000000"},{"Key":{"Id":"ParentExecId","Label":"ParentExecId","Category":"","Description":"","Attributes":1,"ValueType":"System.Guid"},"Value":"00000000-0000-0000-0000-000000000000"},{"Key":{"Id":"InnerResultsCount","Label":"InnerResultsCount","Category":"","Description":"","Attributes":1,"ValueType":"System.Int32"},"Value":0}]},{"TestCase":{"Id":"565b3dc5-3954-4bb6-ea16-a5e9453edb45","FullyQualifiedName":"BaltaStore.Tests.OrderTests.ShouldReturnTwoWhenAddedTwoValidItems","DisplayName":"ShouldReturnTwoWhenAddedTwoValidItems","ExecutorUri":"executor://MSTestAdapter/v2","Source":"C:\\balta\\BaltaStore\\BaltaStore.Tests\\bin\\Debug\\net7.0\\fine-code-coverage\\build-output\\BaltaStore.Tests.dll","CodeFilePath":null,"LineNumber":-1,"Properties":[{"Key":{"Id":"TestCase.ManagedType","Label":"ManagedType","Category":"","Description":"","Attributes":1,"ValueType":"System.String"},"Value":"BaltaStore.Tests.OrderTests"},{"Key":{"Id":"TestCase.ManagedMethod","Label":"ManagedMethod","Category":"","Description":"","Attributes":1,"ValueType":"System.String"},"Value":"ShouldReturnTwoWhenAddedTwoValidItems"},{"Key":{"Id":"MSTestDiscoverer.TestClassName","Label":"ClassName","Category":"","Description":"","Attributes":1,"ValueType":"System.String"},"Value":"BaltaStore.Tests.OrderTests"},{"Key":{"Id":"TestCase.Hierarchy","Label":"Hierarchy","Category":"","Description":"","Attributes":2,"ValueType":"System.String[]"},"Value":["BaltaStore.Tests","OrderTests"]},{"Key":{"Id":"TestObject.Traits","Label":"Traits","Category":"","Description":"","Attributes":5,"ValueType":"System.Collections.Generic.KeyValuePair`2[[System.String],[System.String]][]"},"Value":[]}]},"Attachments":[],"Outcome":1,"ErrorMessage":null,"ErrorStackTrace":null,"DisplayName":"ShouldReturnTwoWhenAddedTwoValidItems","Messages":[],"ComputerName":null,"Duration":"00:00:00.0028286","StartTime":"2023-03-31T14:14:21.0247735-03:00","EndTime":"2023-03-31T14:14:21.0280799-03:00","Properties":[{"Key":{"Id":"ExecutionId","Label":"ExecutionId","Category":"","Description":"","Attributes":1,"ValueType":"System.Guid"},"Value":"00000000-0000-0000-0000-000000000000"},{"Key":{"Id":"ParentExecId","Label":"ParentExecId","Category":"","Description":"","Attributes":1,"ValueType":"System.Guid"},"Value":"00000000-0000-0000-0000-000000000000"},{"Key":{"Id":"InnerResultsCount","Label":"InnerResultsCount","Category":"","Description":"","Attributes":1,"ValueType":"System.Int32"},"Value":0}]},{"TestCase":{"Id":"16fc0ee7-05ad-0ceb-8885-7943cbeadb8b","FullyQualifiedName":"BaltaStore.Tests.OrderTests.ShouldReturnFiveWhenAddedPurchasedFiveItem","DisplayName":"ShouldReturnFiveWhenAddedPurchasedFiveItem","ExecutorUri":"executor://MSTestAdapter/v2","Source":"C:\\balta\\BaltaStore\\BaltaStore.Tests\\bin\\Debug\\net7.0\\fine-code-coverage\\build-output\\BaltaStore.Tests.dll","CodeFilePath":null,"LineNumber":-1,"Properties":[{"Key":{"Id":"TestCase.ManagedType","Label":"ManagedType","Category":"","Description":"","Attributes":1,"ValueType":"System.String"},"Value":"BaltaStore.Tests.OrderTests"},{"Key":{"Id":"TestCase.ManagedMethod","Label":"ManagedMethod","Category":"","Description":"","Attributes":1,"ValueType":"System.String"},"Value":"ShouldReturnFiveWhenAddedPurchasedFiveItem"},{"Key":{"Id":"MSTestDiscoverer.TestClassName","Label":"ClassName","Category":"","Description":"","Attributes":1,"ValueType":"System.String"},"Value":"BaltaStore.Tests.OrderTests"},{"Key":{"Id":"TestCase.Hierarchy","Label":"Hierarchy","Category":"","Description":"","Attributes":2,"ValueType":"System.String[]"},"Value":["BaltaStore.Tests","OrderTests"]},{"Key":{"Id":"TestObject.Traits","Label":"Traits","Category":"","Description":"","Attributes":5,"ValueType":"System.Collections.Generic.KeyValuePair`2[[System.String],[System.String]][]"},"Value":[]}]},"Attachments":[],"Outcome":1,"ErrorMessage":null,"ErrorStackTrace":null,"DisplayName":"ShouldReturnFiveWhenAddedPurchasedFiveItem","Messages":[],"ComputerName":null,"Duration":"00:00:00.0006297","StartTime":"2023-03-31T14:14:21.0317602-03:00","EndTime":"2023-03-31T14:14:21.0326719-03:00","Properties":[{"Key":{"Id":"ExecutionId","Label":"ExecutionId","Category":"","Description":"","Attributes":1,"ValueType":"System.Guid"},"Value":"00000000-0000-0000-0000-000000000000"},{"Key":{"Id":"ParentExecId","Label":"ParentExecId","Category":"","Description":"","Attributes":1,"ValueType":"System.Guid"},"Value":"00000000-0000-0000-0000-000000000000"},{"Key":{"Id":"InnerResultsCount","Label":"InnerResultsCount","Category":"","Description":"","Attributes":1,"ValueType":"System.Int32"},"Value":0}]},{"TestCase":{"Id":"9b84e839-8f86-b767-2ba7-51056b66da28","FullyQualifiedName":"BaltaStore.Tests.OrderTests.ShouldReturnANumberWhenOrderPlaced","DisplayName":"ShouldReturnANumberWhenOrderPlaced","ExecutorUri":"executor://MSTestAdapter/v2","Source":"C:\\balta\\BaltaStore\\BaltaStore.Tests\\bin\\Debug\\net7.0\\fine-code-coverage\\build-output\\BaltaStore.Tests.dll","CodeFilePath":null,"LineNumber":-1,"Properties":[{"Key":{"Id":"TestCase.ManagedType","Label":"ManagedType","Category":"","Description":"","Attributes":1,"ValueType":"System.String"},"Value":"BaltaStore.Tests.OrderTests"},{"Key":{"Id":"TestCase.ManagedMethod","Label":"ManagedMethod","Category":"","Description":"","Attributes":1,"ValueType":"System.String"},"Value":"ShouldReturnANumberWhenOrderPlaced"},{"Key":{"Id":"MSTestDiscoverer.TestClassName","Label":"ClassName","Category":"","Description":"","Attributes":1,"ValueType":"System.String"},"Value":"BaltaStore.Tests.OrderTests"},{"Key":{"Id":"TestCase.Hierarchy","Label":"Hierarchy","Category":"","Description":"","Attributes":2,"ValueType":"System.String[]"},"Value":["BaltaStore.Tests","OrderTests"]},{"Key":{"Id":"TestObject.Traits","Label":"Traits","Category":"","Description":"","Attributes":5,"ValueType":"System.Collections.Generic.KeyValuePair`2[[System.String],[System.String]][]"},"Value":[]}]},"Attachments":[],"Outcome":1,"ErrorMessage":null,"ErrorStackTrace":null,"DisplayName":"ShouldReturnANumberWhenOrderPlaced","Messages":[],"ComputerName":null,"Duration":"00:00:00.0006629","StartTime":"2023-03-31T14:14:21.0352558-03:00","EndTime":"2023-03-31T14:14:21.036167-03:00","Properties":[{"Key":{"Id":"ExecutionId","Label":"ExecutionId","Category":"","Description":"","Attributes":1,"ValueType":"System.Guid"},"Value":"00000000-0000-0000-0000-000000000000"},{"Key":{"Id":"ParentExecId","Label":"ParentExecId","Category":"","Description":"","Attributes":1,"ValueType":"System.Guid"},"Value":"00000000-0000-0000-0000-000000000000"},{"Key":{"Id":"InnerResultsCount","Label":"InnerResultsCount","Category":"","Description":"","Attributes":1,"ValueType":"System.Int32"},"Value":0}]},{"TestCase":{"Id":"50daef06-5e0d-a611-49e0-fc988e1890bf","FullyQualifiedName":"BaltaStore.Tests.OrderTests.ShouldReturnPaidWhenOrderPaid","DisplayName":"ShouldReturnPaidWhenOrderPaid","ExecutorUri":"executor://MSTestAdapter/v2","Source":"C:\\balta\\BaltaStore\\BaltaStore.Tests\\bin\\Debug\\net7.0\\fine-code-coverage\\build-output\\BaltaStore.Tests.dll","CodeFilePath":null,"LineNumber":-1,"Properties":[{"Key":{"Id":"TestCase.ManagedType","Label":"ManagedType","Category":"","Description":"","Attributes":1,"ValueType":"System.String"},"Value":"BaltaStore.Tests.OrderTests"},{"Key":{"Id":"TestCase.ManagedMethod","Label":"ManagedMethod","Category":"","Description":"","Attributes":1,"ValueType":"System.String"},"Value":"ShouldReturnPaidWhenOrderPaid"},{"Key":{"Id":"MSTestDiscoverer.TestClassName","Label":"ClassName","Category":"","Description":"","Attributes":1,"ValueType":"System.String"},"Value":"BaltaStore.Tests.OrderTests"},{"Key":{"Id":"TestCase.Hierarchy","Label":"Hierarchy","Category":"","Description":"","Attributes":2,"ValueType":"System.String[]"},"Value":["BaltaStore.Tests","OrderTests"]},{"Key":{"Id":"TestObject.Traits","Label":"Traits","Category":"","Description":"","Attributes":5,"ValueType":"System.Collections.Generic.KeyValuePair`2[[System.String],[System.String]][]"},"Value":[]}]},"Attachments":[],"Outcome":1,"ErrorMessage":null,"ErrorStackTrace":null,"DisplayName":"ShouldReturnPaidWhenOrderPaid","Messages":[],"ComputerName":null,"Duration":"00:00:00.0002098","StartTime":"2023-03-31T14:14:21.0386884-03:00","EndTime":"2023-03-31T14:14:21.0390906-03:00","Properties":[{"Key":{"Id":"ExecutionId","Label":"ExecutionId","Category":"","Description":"","Attributes":1,"ValueType":"System.Guid"},"Value":"00000000-0000-0000-0000-000000000000"},{"Key":{"Id":"ParentExecId","Label":"ParentExecId","Category":"","Description":"","Attributes":1,"ValueType":"System.Guid"},"Value":"00000000-0000-0000-0000-000000000000"},{"Key":{"Id":"InnerResultsCount","Label":"InnerResultsCount","Category":"","Description":"","Attributes":1,"ValueType":"System.Int32"},"Value":0}]},{"TestCase":{"Id":"d04c1712-0fcd-029a-345a-1fe521dc9b18","FullyQualifiedName":"BaltaStore.Tests.OrderTests.ShouldTwoShippingsWhenPurchasedTenProducts","DisplayName":"ShouldTwoShippingsWhenPurchasedTenProducts","ExecutorUri":"executor://MSTestAdapter/v2","Source":"C:\\balta\\BaltaStore\\BaltaStore.Tests\\bin\\Debug\\net7.0\\fine-code-coverage\\build-output\\BaltaStore.Tests.dll","CodeFilePath":null,"LineNumber":-1,"Properties":[{"Key":{"Id":"TestCase.ManagedType","Label":"ManagedType","Category":"","Description":"","Attributes":1,"ValueType":"System.String"},"Value":"BaltaStore.Tests.OrderTests"},{"Key":{"Id":"TestCase.ManagedMethod","Label":"ManagedMethod","Category":"","Description":"","Attributes":1,"ValueType":"System.String"},"Value":"ShouldTwoShippingsWhenPurchasedTenProducts"},{"Key":{"Id":"MSTestDiscoverer.TestClassName","Label":"ClassName","Category":"","Description":"","Attributes":1,"ValueType":"System.String"},"Value":"BaltaStore.Tests.OrderTests"},{"Key":{"Id":"TestCase.Hierarchy","Label":"Hierarchy","Category":"","Description":"","Attributes":2,"ValueType":"System.String[]"},"Value":["BaltaStore.Tests","OrderTests"]},{"Key":{"Id":"TestObject.Traits","Label":"Traits","Category":"","Description":"","Attributes":5,"ValueType":"System.Collections.Generic.KeyValuePair`2[[System.String],[System.String]][]"},"Value":[]}]},"Attachments":[],"Outcome":1,"ErrorMessage":null,"ErrorStackTrace":null,"DisplayName":"ShouldTwoShippingsWhenPurchasedTenProducts","Messages":[],"ComputerName":null,"Duration":"00:00:00.0019465","StartTime":"2023-03-31T14:14:21.0417606-03:00","EndTime":"2023-03-31T14:14:21.0440326-03:00","Properties":[{"Key":{"Id":"ExecutionId","Label":"ExecutionId","Category":"","Description":"","Attributes":1,"ValueType":"System.Guid"},"Value":"00000000-0000-0000-0000-000000000000"},{"Key":{"Id":"ParentExecId","Label":"ParentExecId","Category":"","Description":"","Attributes":1,"ValueType":"System.Guid"},"Value":"00000000-0000-0000-0000-000000000000"},{"Key":{"Id":"InnerResultsCount","Label":"InnerResultsCount","Category":"","Description":"","Attributes":1,"ValueType":"System.Int32"},"Value":0}]},{"TestCase":{"Id":"84df2981-08f9-f273-bd85-53865cb9c9e8","FullyQualifiedName":"BaltaStore.Tests.OrderTests.StatusShouldBeCanceledWhenOrderCanceled","DisplayName":"StatusShouldBeCanceledWhenOrderCanceled","ExecutorUri":"executor://MSTestAdapter/v2","Source":"C:\\balta\\BaltaStore\\BaltaStore.Tests\\bin\\Debug\\net7.0\\fine-code-coverage\\build-output\\BaltaStore.Tests.dll","CodeFilePath":null,"LineNumber":-1,"Properties":[{"Key":{"Id":"TestCase.ManagedType","Label":"ManagedType","Category":"","Description":"","Attributes":1,"ValueType":"System.String"},"Value":"BaltaStore.Tests.OrderTests"},{"Key":{"Id":"TestCase.ManagedMethod","Label":"ManagedMethod","Category":"","Description":"","Attributes":1,"ValueType":"System.String"},"Value":"StatusShouldBeCanceledWhenOrderCanceled"},{"Key":{"Id":"MSTestDiscoverer.TestClassName","Label":"ClassName","Category":"","Description":"","Attributes":1,"ValueType":"System.String"},"Value":"BaltaStore.Tests.OrderTests"},{"Key":{"Id":"TestCase.Hierarchy","Label":"Hierarchy","Category":"","Description":"","Attributes":2,"ValueType":"System.String[]"},"Value":["BaltaStore.Tests","OrderTests"]},{"Key":{"Id":"TestObject.Traits","Label":"Traits","Category":"","Description":"","Attributes":5,"ValueType":"System.Collections.Generic.KeyValuePair`2[[System.String],[System.String]][]"},"Value":[]}]},"Attachments":[],"Outcome":1,"ErrorMessage":null,"ErrorStackTrace":null,"DisplayName":"StatusShouldBeCanceledWhenOrderCanceled","Messages":[],"ComputerName":null,"Duration":"00:00:00.0003677","StartTime":"2023-03-31T14:14:21.0475832-03:00","EndTime":"2023-03-31T14:14:21.0481781-03:00","Properties":[{"Key":{"Id":"ExecutionId","Label":"ExecutionId","Category":"","Description":"","Attributes":1,"ValueType":"System.Guid"},"Value":"00000000-0000-0000-0000-000000000000"},{"Key":{"Id":"ParentExecId","Label":"ParentExecId","Category":"","Description":"","Attributes":1,"ValueType":"System.Guid"},"Value":"00000000-0000-0000-0000-000000000000"},{"Key":{"Id":"InnerResultsCount","Label":"InnerResultsCount","Category":"","Description":"","Attributes":1,"ValueType":"System.Int32"},"Value":0}]},{"TestCase":{"Id":"11d24eab-0890-3abb-0634-bbf04befc55f","FullyQualifiedName":"BaltaStore.Tests.OrderTests.ShouldCancelShippingsWhenOrderCanceled","DisplayName":"ShouldCancelShippingsWhenOrderCanceled","ExecutorUri":"executor://MSTestAdapter/v2","Source":"C:\\balta\\BaltaStore\\BaltaStore.Tests\\bin\\Debug\\net7.0\\fine-code-coverage\\build-output\\BaltaStore.Tests.dll","CodeFilePath":null,"LineNumber":-1,"Properties":[{"Key":{"Id":"TestCase.ManagedType","Label":"ManagedType","Category":"","Description":"","Attributes":1,"ValueType":"System.String"},"Value":"BaltaStore.Tests.OrderTests"},{"Key":{"Id":"TestCase.ManagedMethod","Label":"ManagedMethod","Category":"","Description":"","Attributes":1,"ValueType":"System.String"},"Value":"ShouldCancelShippingsWhenOrderCanceled"},{"Key":{"Id":"MSTestDiscoverer.TestClassName","Label":"ClassName","Category":"","Description":"","Attributes":1,"ValueType":"System.String"},"Value":"BaltaStore.Tests.OrderTests"},{"Key":{"Id":"TestCase.Hierarchy","Label":"Hierarchy","Category":"","Description":"","Attributes":2,"ValueType":"System.String[]"},"Value":["BaltaStore.Tests","OrderTests"]},{"Key":{"Id":"TestObject.Traits","Label":"Traits","Category":"","Description":"","Attributes":5,"ValueType":"System.Collections.Generic.KeyValuePair`2[[System.String],[System.String]][]"},"Value":[]}]},"Attachments":[],"Outcome":1,"ErrorMessage":null,"ErrorStackTrace":null,"DisplayName":"ShouldCancelShippingsWhenOrderCanceled","Messages":[],"ComputerName":null,"Duration":"00:00:00.0012622","StartTime":"2023-03-31T14:14:21.0506753-03:00","EndTime":"2023-03-31T14:14:21.0524395-03:00","Properties":[{"Key":{"Id":"ExecutionId","Label":"ExecutionId","Category":"","Description":"","Attributes":1,"ValueType":"System.Guid"},"Value":"00000000-0000-0000-0000-000000000000"},{"Key":{"Id":"ParentExecId","Label":"ParentExecId","Category":"","Description":"","Attributes":1,"ValueType":"System.Guid"},"Value":"00000000-0000-0000-0000-000000000000"},{"Key":{"Id":"InnerResultsCount","Label":"InnerResultsCount","Category":"","Description":"","Attributes":1,"ValueType":"System.Int32"},"Value":0}]}],"TestRunStatistics":{"ExecutedTests":9,"Stats":{"Passed":9}},"ActiveTests":[{"Id":"93872dfa-7992-4d84-c41a-a7353b1388ee","FullyQualifiedName":"BaltaStore.Tests.DocumentTests.ShouldReturnNotificationWhenDocumentIsNotValid","DisplayName":"ShouldReturnNotificationWhenDocumentIsNotValid","ExecutorUri":"executor://MSTestAdapter/v2","Source":"C:\\balta\\BaltaStore\\BaltaStore.Tests\\bin\\Debug\\net7.0\\fine-code-coverage\\build-output\\BaltaStore.Tests.dll","CodeFilePath":null,"LineNumber":-1,"Properties":[{"Key":{"Id":"TestCase.ManagedType","Label":"ManagedType","Category":"","Description":"","Attributes":1,"ValueType":"System.String"},"Value":"BaltaStore.Tests.DocumentTests"},{"Key":{"Id":"TestCase.ManagedMethod","Label":"ManagedMethod","Category":"","Description":"","Attributes":1,"ValueType":"System.String"},"Value":"ShouldReturnNotificationWhenDocumentIsNotValid"},{"Key":{"Id":"MSTestDiscoverer.TestClassName","Label":"ClassName","Category":"","Description":"","Attributes":1,"ValueType":"System.String"},"Value":"BaltaStore.Tests.DocumentTests"},{"Key":{"Id":"TestCase.Hierarchy","Label":"Hierarchy","Category":"","Description":"","Attributes":2,"ValueType":"System.String[]"},"Value":["BaltaStore.Tests","DocumentTests"]},{"Key":{"Id":"TestObject.Traits","Label":"Traits","Category":"","Description":"","Attributes":5,"ValueType":"System.Collections.Generic.KeyValuePair`2[[System.String],[System.String]][]"},"Value":[]}]}]}}
TpTrace Verbose: 0 : 36632, 11, 2023/03/31, 14:14:21.139, 185648219295, vstest.console.dll, TestRunRequest:SendTestRunStatsChange: Starting.
TpTrace Verbose: 0 : 36632, 11, 2023/03/31, 14:14:21.139, 185648221728, vstest.console.dll, InProgress is ShouldReturnNotificationWhenDocumentIsNotValid
TpTrace Verbose: 0 : 36632, 11, 2023/03/31, 14:14:21.140, 185648224697, vstest.console.dll, MulticastDelegateUtilities.SafeInvoke: TestRun.RunStatsChanged: Invoking callbacks was skipped because there are no subscribers.
TpTrace Information: 0 : 36632, 11, 2023/03/31, 14:14:21.140, 185648225355, vstest.console.dll, TestRunRequest:SendTestRunStatsChange: Completed.
TpTrace Verbose: 0 : 36632, 11, 2023/03/31, 14:14:21.140, 185648225791, vstest.console.dll, MulticastDelegateUtilities.SafeInvoke: LengthPrefixCommunicationChannel: MessageReceived: Invoking callback 1/1 for Microsoft.VisualStudio.TestPlatform.CommunicationUtilities.TestRequestSender+<>c__DisplayClass31_0., took 55 ms.
TpTrace Verbose: 0 : 36632, 11, 2023/03/31, 14:14:21.140, 185648226235, vstest.console.dll, TcpClientExtensions.MessageLoopAsync: Polling on remoteEndPoint: 127.0.0.1:61818 localEndPoint: 127.0.0.1:61817
TpTrace Verbose: 0 : 36632, 11, 2023/03/31, 14:14:21.140, 185648226812, vstest.console.dll, TcpClientExtensions.MessageLoopAsync: NotifyDataAvailable remoteEndPoint: 127.0.0.1:61818 localEndPoint: 127.0.0.1:61817
TpTrace Verbose: 0 : 36632, 11, 2023/03/31, 14:14:21.140, 185648229725, vstest.console.dll, TestRequestSender.OnExecutionMessageReceived: Received message: {"Version":7,"MessageType":"TestExecution.Completed","Payload":{"TestRunCompleteArgs":{"TestRunStatistics":{"ExecutedTests":14,"Stats":{"Passed":14}},"IsCanceled":false,"IsAborted":false,"Error":null,"AttachmentSets":[],"InvokedDataCollectors":[],"ElapsedTimeInRunningTests":"00:00:00.3463315","Metrics":{},"DiscoveredExtensions":{"TestDiscoverers":["Microsoft.VisualStudio.TestPlatform.MSTest.TestAdapter.MSTestDiscoverer, Microsoft.VisualStudio.TestPlatform.MSTest.TestAdapter, Version=14.0.0.0, Culture=neutral, PublicKeyToken=b03f5f7f11d50a3a"],"TestExecutors":["executor://MSTestAdapter/v2"],"TestExecutors2":[],"TestSettingsProviders":[]}},"LastRunTests":{"NewTestResults":[{"TestCase":{"Id":"93872dfa-7992-4d84-c41a-a7353b1388ee","FullyQualifiedName":"BaltaStore.Tests.DocumentTests.ShouldReturnNotificationWhenDocumentIsNotValid","DisplayName":"ShouldReturnNotificationWhenDocumentIsNotValid","ExecutorUri":"executor://MSTestAdapter/v2","Source":"C:\\balta\\BaltaStore\\BaltaStore.Tests\\bin\\Debug\\net7.0\\fine-code-coverage\\build-output\\BaltaStore.Tests.dll","CodeFilePath":null,"LineNumber":-1,"Properties":[{"Key":{"Id":"TestCase.ManagedType","Label":"ManagedType","Category":"","Description":"","Attributes":1,"ValueType":"System.String"},"Value":"BaltaStore.Tests.DocumentTests"},{"Key":{"Id":"TestCase.ManagedMethod","Label":"ManagedMethod","Category":"","Description":"","Attributes":1,"ValueType":"System.String"},"Value":"ShouldReturnNotificationWhenDocumentIsNotValid"},{"Key":{"Id":"MSTestDiscoverer.TestClassName","Label":"ClassName","Category":"","Description":"","Attributes":1,"ValueType":"System.String"},"Value":"BaltaStore.Tests.DocumentTests"},{"Key":{"Id":"TestCase.Hierarchy","Label":"Hierarchy","Category":"","Description":"","Attributes":2,"ValueType":"System.String[]"},"Value":["BaltaStore.Tests","DocumentTests"]},{"Key":{"Id":"TestObject.Traits","Label":"Traits","Category":"","Description":"","Attributes":5,"ValueType":"System.Collections.Generic.KeyValuePair`2[[System.String],[System.String]][]"},"Value":[]}]},"Attachments":[],"Outcome":1,"ErrorMessage":null,"ErrorStackTrace":null,"DisplayName":"ShouldReturnNotificationWhenDocumentIsNotValid","Messages":[],"ComputerName":null,"Duration":"00:00:00.0005363","StartTime":"2023-03-31T14:14:21.085877-03:00","EndTime":"2023-03-31T14:14:21.0868901-03:00","Properties":[{"Key":{"Id":"ExecutionId","Label":"ExecutionId","Category":"","Description":"","Attributes":1,"ValueType":"System.Guid"},"Value":"00000000-0000-0000-0000-000000000000"},{"Key":{"Id":"ParentExecId","Label":"ParentExecId","Category":"","Description":"","Attributes":1,"ValueType":"System.Guid"},"Value":"00000000-0000-0000-0000-000000000000"},{"Key":{"Id":"InnerResultsCount","Label":"InnerResultsCount","Category":"","Description":"","Attributes":1,"ValueType":"System.Int32"},"Value":0}]},{"TestCase":{"Id":"2cbc71ef-079e-f0e2-8d1c-071f2e1ae7e7","FullyQualifiedName":"BaltaStore.Tests.DocumentTests.ShouldReturnNotNotificationWhenDocumentIsValid","DisplayName":"ShouldReturnNotNotificationWhenDocumentIsValid","ExecutorUri":"executor://MSTestAdapter/v2","Source":"C:\\balta\\BaltaStore\\BaltaStore.Tests\\bin\\Debug\\net7.0\\fine-code-coverage\\build-output\\BaltaStore.Tests.dll","CodeFilePath":null,"LineNumber":-1,"Properties":[{"Key":{"Id":"TestCase.ManagedType","Label":"ManagedType","Category":"","Description":"","Attributes":1,"ValueType":"System.String"},"Value":"BaltaStore.Tests.DocumentTests"},{"Key":{"Id":"TestCase.ManagedMethod","Label":"ManagedMethod","Category":"","Description":"","Attributes":1,"ValueType":"System.String"},"Value":"ShouldReturnNotNotificationWhenDocumentIsValid"},{"Key":{"Id":"MSTestDiscoverer.TestClassName","Label":"ClassName","Category":"","Description":"","Attributes":1,"ValueType":"System.String"},"Value":"BaltaStore.Tests.DocumentTests"},{"Key":{"Id":"TestCase.Hierarchy","Label":"Hierarchy","Category":"","Description":"","Attributes":2,"ValueType":"System.String[]"},"Value":["BaltaStore.Tests","DocumentTests"]},{"Key":{"Id":"TestObject.Traits","Label":"Traits","Category":"","Description":"","Attributes":5,"ValueType":"System.Collections.Generic.KeyValuePair`2[[System.String],[System.String]][]"},"Value":[]}]},"Attachments":[],"Outcome":1,"ErrorMessage":null,"ErrorStackTrace":null,"DisplayName":"ShouldReturnNotNotificationWhenDocumentIsValid","Messages":[],"ComputerName":null,"Duration":"00:00:00.0003243","StartTime":"2023-03-31T14:14:21.0919598-03:00","EndTime":"2023-03-31T14:14:21.0925829-03:00","Properties":[{"Key":{"Id":"ExecutionId","Label":"ExecutionId","Category":"","Description":"","Attributes":1,"ValueType":"System.Guid"},"Value":"00000000-0000-0000-0000-000000000000"},{"Key":{"Id":"ParentExecId","Label":"ParentExecId","Category":"","Description":"","Attributes":1,"ValueType":"System.Guid"},"Value":"00000000-0000-0000-0000-000000000000"},{"Key":{"Id":"InnerResultsCount","Label":"InnerResultsCount","Category":"","Description":"","Attributes":1,"ValueType":"System.Int32"},"Value":0}]},{"TestCase":{"Id":"5fe6f764-9142-25a9-746a-d9fc639d7784","FullyQualifiedName":"BaltaStore.Tests.ValueObjects.NameTests.ShouldReturnNotificationWhenNameIsNotValid","DisplayName":"ShouldReturnNotificationWhenNameIsNotValid","ExecutorUri":"executor://MSTestAdapter/v2","Source":"C:\\balta\\BaltaStore\\BaltaStore.Tests\\bin\\Debug\\net7.0\\fine-code-coverage\\build-output\\BaltaStore.Tests.dll","CodeFilePath":null,"LineNumber":-1,"Properties":[{"Key":{"Id":"TestCase.ManagedType","Label":"ManagedType","Category":"","Description":"","Attributes":1,"ValueType":"System.String"},"Value":"BaltaStore.Tests.ValueObjects.NameTests"},{"Key":{"Id":"TestCase.ManagedMethod","Label":"ManagedMethod","Category":"","Description":"","Attributes":1,"ValueType":"System.String"},"Value":"ShouldReturnNotificationWhenNameIsNotValid"},{"Key":{"Id":"MSTestDiscoverer.TestClassName","Label":"ClassName","Category":"","Description":"","Attributes":1,"ValueType":"System.String"},"Value":"BaltaStore.Tests.ValueObjects.NameTests"},{"Key":{"Id":"TestCase.Hierarchy","Label":"Hierarchy","Category":"","Description":"","Attributes":2,"ValueType":"System.String[]"},"Value":["BaltaStore.Tests.ValueObjects","NameTests"]},{"Key":{"Id":"TestObject.Traits","Label":"Traits","Category":"","Description":"","Attributes":5,"ValueType":"System.Collections.Generic.KeyValuePair`2[[System.String],[System.String]][]"},"Value":[]}]},"Attachments":[],"Outcome":1,"ErrorMessage":null,"ErrorStackTrace":null,"DisplayName":"ShouldReturnNotificationWhenNameIsNotValid","Messages":[],"ComputerName":null,"Duration":"00:00:00.0002651","StartTime":"2023-03-31T14:14:21.0973094-03:00","EndTime":"2023-03-31T14:14:21.0980373-03:00","Properties":[{"Key":{"Id":"ExecutionId","Label":"ExecutionId","Category":"","Description":"","Attributes":1,"ValueType":"System.Guid"},"Value":"00000000-0000-0000-0000-000000000000"},{"Key":{"Id":"ParentExecId","Label":"ParentExecId","Category":"","Description":"","Attributes":1,"ValueType":"System.Guid"},"Value":"00000000-0000-0000-0000-000000000000"},{"Key":{"Id":"InnerResultsCount","Label":"InnerResultsCount","Category":"","Description":"","Attributes":1,"ValueType":"System.Int32"},"Value":0}]},{"TestCase":{"Id":"f89499b4-754c-bd43-309a-28f8eeec0960","FullyQualifiedName":"BaltaStore.Tests.Handlers.CustomerHandlerTests.ShouldRegisterCustomerWhenCommandIsValid","DisplayName":"ShouldRegisterCustomerWhenCommandIsValid","ExecutorUri":"executor://MSTestAdapter/v2","Source":"C:\\balta\\BaltaStore\\BaltaStore.Tests\\bin\\Debug\\net7.0\\fine-code-coverage\\build-output\\BaltaStore.Tests.dll","CodeFilePath":null,"LineNumber":-1,"Properties":[{"Key":{"Id":"TestCase.ManagedType","Label":"ManagedType","Category":"","Description":"","Attributes":1,"ValueType":"System.String"},"Value":"BaltaStore.Tests.Handlers.CustomerHandlerTests"},{"Key":{"Id":"TestCase.ManagedMethod","Label":"ManagedMethod","Category":"","Description":"","Attributes":1,"ValueType":"System.String"},"Value":"ShouldRegisterCustomerWhenCommandIsValid"},{"Key":{"Id":"MSTestDiscoverer.TestClassName","Label":"ClassName","Category":"","Description":"","Attributes":1,"ValueType":"System.String"},"Value":"BaltaStore.Tests.Handlers.CustomerHandlerTests"},{"Key":{"Id":"TestCase.Hierarchy","Label":"Hierarchy","Category":"","Description":"","Attributes":2,"ValueType":"System.String[]"},"Value":["BaltaStore.Tests.Handlers","CustomerHandlerTests"]},{"Key":{"Id":"TestObject.Traits","Label":"Traits","Category":"","Description":"","Attributes":5,"ValueType":"System.Collections.Generic.KeyValuePair`2[[System.String],[System.String]][]"},"Value":[]}]},"Attachments":[],"Outcome":1,"ErrorMessage":null,"ErrorStackTrace":null,"DisplayName":"ShouldRegisterCustomerWhenCommandIsValid","Messages":[],"ComputerName":null,"Duration":"00:00:00.0023251","StartTime":"2023-03-31T14:14:21.1020405-03:00","EndTime":"2023-03-31T14:14:21.1048688-03:00","Properties":[{"Key":{"Id":"ExecutionId","Label":"ExecutionId","Category":"","Description":"","Attributes":1,"ValueType":"System.Guid"},"Value":"00000000-0000-0000-0000-000000000000"},{"Key":{"Id":"ParentExecId","Label":"ParentExecId","Category":"","Description":"","Attributes":1,"ValueType":"System.Guid"},"Value":"00000000-0000-0000-0000-000000000000"},{"Key":{"Id":"InnerResultsCount","Label":"InnerResultsCount","Category":"","Description":"","Attributes":1,"ValueType":"System.Int32"},"Value":0}]},{"TestCase":{"Id":"3a461147-6eab-3cc8-5324-87a9a73a18f3","FullyQualifiedName":"BaltaStore.Tests.Commands.CreateCustomerCommandTests.ShouldValidateWhenCommandIsValid","DisplayName":"ShouldValidateWhenCommandIsValid","ExecutorUri":"executor://MSTestAdapter/v2","Source":"C:\\balta\\BaltaStore\\BaltaStore.Tests\\bin\\Debug\\net7.0\\fine-code-coverage\\build-output\\BaltaStore.Tests.dll","CodeFilePath":null,"LineNumber":-1,"Properties":[{"Key":{"Id":"TestCase.ManagedType","Label":"ManagedType","Category":"","Description":"","Attributes":1,"ValueType":"System.String"},"Value":"BaltaStore.Tests.Commands.CreateCustomerCommandTests"},{"Key":{"Id":"TestCase.ManagedMethod","Label":"ManagedMethod","Category":"","Description":"","Attributes":1,"ValueType":"System.String"},"Value":"ShouldValidateWhenCommandIsValid"},{"Key":{"Id":"MSTestDiscoverer.TestClassName","Label":"ClassName","Category":"","Description":"","Attributes":1,"ValueType":"System.String"},"Value":"BaltaStore.Tests.Commands.CreateCustomerCommandTests"},{"Key":{"Id":"TestCase.Hierarchy","Label":"Hierarchy","Category":"","Description":"","Attributes":2,"ValueType":"System.String[]"},"Value":["BaltaStore.Tests.Commands","CreateCustomerCommandTests"]},{"Key":{"Id":"TestObject.Traits","Label":"Traits","Category":"","Description":"","Attributes":5,"ValueType":"System.Collections.Generic.KeyValuePair`2[[System.String],[System.String]][]"},"Value":[]}]},"Attachments":[],"Outcome":1,"ErrorMessage":null,"ErrorStackTrace":null,"DisplayName":"ShouldValidateWhenCommandIsValid","Messages":[],"ComputerName":null,"Duration":"00:00:00.0002288","StartTime":"2023-03-31T14:14:21.1088226-03:00","EndTime":"2023-03-31T14:14:21.1093606-03:00","Properties":[{"Key":{"Id":"ExecutionId","Label":"ExecutionId","Category":"","Description":"","Attributes":1,"ValueType":"System.Guid"},"Value":"00000000-0000-0000-0000-000000000000"},{"Key":{"Id":"ParentExecId","Label":"ParentExecId","Category":"","Description":"","Attributes":1,"ValueType":"System.Guid"},"Value":"00000000-0000-0000-0000-000000000000"},{"Key":{"Id":"InnerResultsCount","Label":"InnerResultsCount","Category":"","Description":"","Attributes":1,"ValueType":"System.Int32"},"Value":0}]}],"TestRunStatistics":{"ExecutedTests":14,"Stats":{"Passed":14}},"ActiveTests":[]},"RunAttachments":[],"ExecutorUris":["executor://mstestadapter/v2"]}}
TpTrace Verbose: 0 : 36632, 11, 2023/03/31, 14:14:21.140, 185648231638, vstest.console.dll, TestRequestSender.EndSession: Sending end session.
TpTrace Verbose: 0 : 36632, 11, 2023/03/31, 14:14:21.140, 185648233386, vstest.console.dll, ProxyOperationManager.Close: waiting for test host to exit for 100 ms
TpTrace Verbose: 0 : 36632, 4, 2023/03/31, 14:14:21.142, 185648248232, vstest.console.dll, MulticastDelegateUtilities.SafeInvoke: InternalTestLoggerEvents.SendTestResult: Invoking callback 1/1 for Microsoft.VisualStudio.TestPlatform.CommandLine.Internal.ConsoleLogger., took 2 ms.
TpTrace Verbose: 0 : 36632, 4, 2023/03/31, 14:14:21.142, 185648251275, vstest.console.dll, MulticastDelegateUtilities.SafeInvoke: InternalTestLoggerEvents.SendTestResult: Invoking callback 1/1 for Microsoft.VisualStudio.TestPlatform.CommandLine.Internal.ConsoleLogger., took 0 ms.
TpTrace Verbose: 0 : 36632, 4, 2023/03/31, 14:14:21.142, 185648252171, vstest.console.dll, MulticastDelegateUtilities.SafeInvoke: InternalTestLoggerEvents.SendTestResult: Invoking callback 1/1 for Microsoft.VisualStudio.TestPlatform.CommandLine.Internal.ConsoleLogger., took 0 ms.
TpTrace Verbose: 0 : 36632, 4, 2023/03/31, 14:14:21.142, 185648252571, vstest.console.dll, MulticastDelegateUtilities.SafeInvoke: InternalTestLoggerEvents.SendTestResult: Invoking callback 1/1 for Microsoft.VisualStudio.TestPlatform.CommandLine.Internal.ConsoleLogger., took 0 ms.
TpTrace Verbose: 0 : 36632, 4, 2023/03/31, 14:14:21.142, 185648252901, vstest.console.dll, MulticastDelegateUtilities.SafeInvoke: InternalTestLoggerEvents.SendTestResult: Invoking callback 1/1 for Microsoft.VisualStudio.TestPlatform.CommandLine.Internal.ConsoleLogger., took 0 ms.
TpTrace Verbose: 0 : 36632, 4, 2023/03/31, 14:14:21.142, 185648253222, vstest.console.dll, MulticastDelegateUtilities.SafeInvoke: InternalTestLoggerEvents.SendTestResult: Invoking callback 1/1 for Microsoft.VisualStudio.TestPlatform.CommandLine.Internal.ConsoleLogger., took 0 ms.
TpTrace Verbose: 0 : 36632, 4, 2023/03/31, 14:14:21.142, 185648253634, vstest.console.dll, MulticastDelegateUtilities.SafeInvoke: InternalTestLoggerEvents.SendTestResult: Invoking callback 1/1 for Microsoft.VisualStudio.TestPlatform.CommandLine.Internal.ConsoleLogger., took 0 ms.
TpTrace Verbose: 0 : 36632, 4, 2023/03/31, 14:14:21.142, 185648254113, vstest.console.dll, MulticastDelegateUtilities.SafeInvoke: InternalTestLoggerEvents.SendTestResult: Invoking callback 1/1 for Microsoft.VisualStudio.TestPlatform.CommandLine.Internal.ConsoleLogger., took 0 ms.
TpTrace Verbose: 0 : 36632, 4, 2023/03/31, 14:14:21.143, 185648254504, vstest.console.dll, MulticastDelegateUtilities.SafeInvoke: InternalTestLoggerEvents.SendTestResult: Invoking callback 1/1 for Microsoft.VisualStudio.TestPlatform.CommandLine.Internal.ConsoleLogger., took 0 ms.
TpTrace Warning: 0 : 36632, 10, 2023/03/31, 14:14:21.172, 185648544956, vstest.console.dll, TestHostManagerCallbacks.ErrorReceivedCallback Test host standard error line: 
TpTrace Verbose: 0 : 36632, 10, 2023/03/31, 14:14:21.179, 185648615450, vstest.console.dll, TestHostProvider.ExitCallBack: Host exited starting callback.
TpTrace Information: 0 : 36632, 10, 2023/03/31, 14:14:21.179, 185648618110, vstest.console.dll, TestHostManagerCallbacks.ExitCallBack: Testhost processId: 2480 exited with exitcode: 0 error: ''
TpTrace Verbose: 0 : 36632, 10, 2023/03/31, 14:14:21.179, 185648618908, vstest.console.dll, DotnetTestHostManager.OnHostExited: invoking OnHostExited callback
TpTrace Verbose: 0 : 36632, 10, 2023/03/31, 14:14:21.179, 185648619611, vstest.console.dll, CrossPlatEngine.TestHostManagerHostExited: calling on client process exit callback.
TpTrace Information: 0 : 36632, 10, 2023/03/31, 14:14:21.179, 185648620435, vstest.console.dll, TestRequestSender.OnClientProcessExit: Test host process exited. Standard error: 
TpTrace Information: 0 : 36632, 10, 2023/03/31, 14:14:21.179, 185648621029, vstest.console.dll, SocketServer.Stop: Stop server endPoint: 127.0.0.1:61817
TpTrace Information: 0 : 36632, 10, 2023/03/31, 14:14:21.179, 185648621359, vstest.console.dll, SocketServer.Stop: Cancellation requested. Stopping message loop.
TpTrace Information: 0 : 36632, 11, 2023/03/31, 14:14:21.179, 185648621467, vstest.console.dll, SocketServer.Stop: Stop server endPoint: 127.0.0.1:61817
TpTrace Information: 0 : 36632, 11, 2023/03/31, 14:14:21.179, 185648622509, vstest.console.dll, SocketServer.Stop: Cancellation requested. Stopping message loop.
TpTrace Verbose: 0 : 36632, 10, 2023/03/31, 14:14:21.179, 185648623078, vstest.console.dll, MulticastDelegateUtilities.SafeInvoke: HostProviderEvents.OnHostExited: Invoking callback 1/1 for Microsoft.VisualStudio.TestPlatform.CrossPlatEngine.Client.ProxyOperationManager., took 0 ms.
TpTrace Information: 0 : 36632, 11, 2023/03/31, 14:14:21.179, 185648623203, vstest.console.dll, Closing the connection
TpTrace Verbose: 0 : 36632, 11, 2023/03/31, 14:14:21.180, 185648626452, vstest.console.dll, ProxyDataCollectionManager.InvokeDataCollectionServiceAction: Starting.
TpTrace Information: 0 : 36632, 11, 2023/03/31, 14:14:21.180, 185648627055, vstest.console.dll, ProxyDataCollectionManager.AfterTestRunEnd: Get attachment set and invoked data collectors processId: 27692 port: 61814
TpTrace Verbose: 0 : 36632, 11, 2023/03/31, 14:14:21.180, 185648627522, vstest.console.dll, DataCollectionRequestSender.SendAfterTestRunStartAndGetResult: Send AfterTestRunEnd message with isCancelled: False
TpTrace Verbose: 0 : 36632, 11, 2023/03/31, 14:14:21.188, 185648706956, vstest.console.dll, DataCollectionRequestSender.SendAfterTestRunStartAndGetResult: Received message: (DataCollection.AfterTestRunEndResult) -> {"MessageType":"DataCollection.AfterTestRunEndResult","Payload":{"AttachmentSets":[],"InvokedDataCollectors":[{"Uri":"datacollector://Microsoft/TestPlatform/Extensions/Blame/v1","FriendlyName":"Blame","AssemblyQualifiedName":"Microsoft.TestPlatform.Extensions.BlameDataCollector.BlameCollector, Microsoft.TestPlatform.Extensions.BlameDataCollector, Version=15.0.0.0, Culture=neutral, PublicKeyToken=b03f5f7f11d50a3a","FilePath":"C:\\Program Files\\dotnet\\sdk\\7.0.102\\Extensions\\Microsoft.TestPlatform.Extensions.BlameDataCollector.dll","HasAttachmentProcessor":false}],"Metrics":{}}}
TpTrace Information: 0 : 36632, 11, 2023/03/31, 14:14:21.194, 185648769558, vstest.console.dll, ProxyDataCollectionManager.InvokeDataCollectionServiceAction: Completed.
TpTrace Warning: 0 : 36632, 9, 2023/03/31, 14:14:21.210, 185648931223, vstest.console.dll, DataCollectionLauncher.ErrorReceivedCallback datacollector standard error line: 
TpTrace Information: 0 : 36632, 9, 2023/03/31, 14:14:21.217, 185648997945, vstest.console.dll, DataCollectionLauncher.ExitCallBack: Data collector exited with exitcode: 0 error: ''
TpTrace Verbose: 0 : 36632, 11, 2023/03/31, 14:14:21.251, 185649341408, vstest.console.dll, TestRunRequest:SendTestRunStatsChange: Starting.
TpTrace Verbose: 0 : 36632, 11, 2023/03/31, 14:14:21.251, 185649343667, vstest.console.dll, MulticastDelegateUtilities.SafeInvoke: TestRun.RunStatsChanged: Invoking callbacks was skipped because there are no subscribers.
TpTrace Information: 0 : 36632, 11, 2023/03/31, 14:14:21.251, 185649344113, vstest.console.dll, TestRunRequest:SendTestRunStatsChange: Completed.
TpTrace Verbose: 0 : 36632, 11, 2023/03/31, 14:14:21.252, 185649348759, vstest.console.dll, ParallelProxyExecutionManager: HandlePartialRunComplete: Total completed clients = 1, Run complete = True, Run canceled: False.
TpTrace Verbose: 0 : 36632, 4, 2023/03/31, 14:14:21.252, 185649352129, vstest.console.dll, MulticastDelegateUtilities.SafeInvoke: InternalTestLoggerEvents.SendTestResult: Invoking callback 1/1 for Microsoft.VisualStudio.TestPlatform.CommandLine.Internal.ConsoleLogger., took 0 ms.
TpTrace Verbose: 0 : 36632, 4, 2023/03/31, 14:14:21.252, 185649353423, vstest.console.dll, MulticastDelegateUtilities.SafeInvoke: InternalTestLoggerEvents.SendTestResult: Invoking callback 1/1 for Microsoft.VisualStudio.TestPlatform.CommandLine.Internal.ConsoleLogger., took 0 ms.
TpTrace Verbose: 0 : 36632, 4, 2023/03/31, 14:14:21.252, 185649353869, vstest.console.dll, MulticastDelegateUtilities.SafeInvoke: InternalTestLoggerEvents.SendTestResult: Invoking callback 1/1 for Microsoft.VisualStudio.TestPlatform.CommandLine.Internal.ConsoleLogger., took 0 ms.
TpTrace Verbose: 0 : 36632, 4, 2023/03/31, 14:14:21.252, 185649354260, vstest.console.dll, MulticastDelegateUtilities.SafeInvoke: InternalTestLoggerEvents.SendTestResult: Invoking callback 1/1 for Microsoft.VisualStudio.TestPlatform.CommandLine.Internal.ConsoleLogger., took 0 ms.
TpTrace Verbose: 0 : 36632, 4, 2023/03/31, 14:14:21.253, 185649354635, vstest.console.dll, MulticastDelegateUtilities.SafeInvoke: InternalTestLoggerEvents.SendTestResult: Invoking callback 1/1 for Microsoft.VisualStudio.TestPlatform.CommandLine.Internal.ConsoleLogger., took 0 ms.
TpTrace Verbose: 0 : 36632, 4, 2023/03/31, 14:14:21.264, 185649467221, vstest.console.dll, MulticastDelegateUtilities.SafeInvoke: InternalTestLoggerEvents.SendTestRunComplete: Invoking callback 1/2 for Microsoft.TestPlatform.Extensions.BlameDataCollector.BlameLogger., took 0 ms.
TpTrace Verbose: 0 : 36632, 4, 2023/03/31, 14:14:21.269, 185649521337, vstest.console.dll, MulticastDelegateUtilities.SafeInvoke: InternalTestLoggerEvents.SendTestRunComplete: Invoking callback 2/2 for Microsoft.VisualStudio.TestPlatform.CommandLine.Internal.ConsoleLogger., took 5 ms.
TpTrace Verbose: 0 : 36632, 11, 2023/03/31, 14:14:21.270, 185649525883, vstest.console.dll, TestRunRequest:TestRunComplete: Starting. IsAborted:False IsCanceled:False.
TpTrace Verbose: 0 : 36632, 11, 2023/03/31, 14:14:21.272, 185649546873, vstest.console.dll, TestLoggerManager.HandleTestRunComplete: Ignoring as the object is disposed.
TpTrace Verbose: 0 : 36632, 11, 2023/03/31, 14:14:21.272, 185649550199, vstest.console.dll, MulticastDelegateUtilities.SafeInvoke: TestRun.TestRunComplete: Invoking callback 1/2 for Microsoft.VisualStudio.TestPlatform.CommandLine.TestRunResultAggregator., took 0 ms.
TpTrace Verbose: 0 : 36632, 11, 2023/03/31, 14:14:21.272, 185649551896, vstest.console.dll, MulticastDelegateUtilities.SafeInvoke: TestRun.TestRunComplete: Invoking callback 2/2 for Microsoft.VisualStudio.TestPlatform.CommandLine.Processors.RunTestsArgumentExecutor+TestRunRequestEventsRegistrar., took 0 ms.
TpTrace Information: 0 : 36632, 11, 2023/03/31, 14:14:21.272, 185649552966, vstest.console.dll, TestRunRequest:TestRunComplete: Completed.
TpTrace Verbose: 0 : 36632, 11, 2023/03/31, 14:14:21.272, 185649553352, vstest.console.dll, TestRequestSender.SetOperationComplete: Setting operation complete.
TpTrace Information: 0 : 36632, 11, 2023/03/31, 14:14:21.272, 185649553664, vstest.console.dll, SocketServer.Stop: Stop server endPoint: 127.0.0.1:61817
TpTrace Verbose: 0 : 36632, 1, 2023/03/31, 14:14:21.272, 185649553742, vstest.console.dll, TestRunRequest.Dispose: Starting.
TpTrace Information: 0 : 36632, 11, 2023/03/31, 14:14:21.272, 185649553914, vstest.console.dll, SocketServer.Stop: Cancellation requested. Stopping message loop.
TpTrace Information: 0 : 36632, 1, 2023/03/31, 14:14:21.273, 185649554791, vstest.console.dll, TestRunRequest.Dispose: Completed.
TpTrace Verbose: 0 : 36632, 11, 2023/03/31, 14:14:21.273, 185649555314, vstest.console.dll, MulticastDelegateUtilities.SafeInvoke: LengthPrefixCommunicationChannel: MessageReceived: Invoking callback 1/1 for Microsoft.VisualStudio.TestPlatform.CommunicationUtilities.TestRequestSender+<>c__DisplayClass31_0., took 132 ms.
TpTrace Information: 0 : 36632, 11, 2023/03/31, 14:14:21.273, 185649555780, vstest.console.dll, SocketServer.PrivateStop: Stopping server endPoint: 127.0.0.1:61817 error: 
TpTrace Information: 0 : 36632, 1, 2023/03/31, 14:14:21.273, 185649555814, vstest.console.dll, TestRequestManager.RunTests: run tests completed.
TpTrace Information: 0 : 36632, 1, 2023/03/31, 14:14:21.273, 185649557120, vstest.console.dll, RunTestsArgumentProcessor:Execute: Test run is completed.
TpTrace Verbose: 0 : 36632, 1, 2023/03/31, 14:14:21.273, 185649559009, vstest.console.dll, Executor.Execute: Exiting with exit code of 0
TpTrace Verbose: 0 : 36632, 11, 2023/03/31, 14:14:21.273, 185649560545, vstest.console.dll, LengthPrefixCommunicationChannel.Dispose: Dispose reader and writer.
TpTrace Information: 0 : 36632, 11, 2023/03/31, 14:14:21.273, 185649561641, vstest.console.dll, SocketServer.Stop: Raise disconnected event endPoint: 127.0.0.1:61817 error: 
TpTrace Verbose: 0 : 36632, 11, 2023/03/31, 14:14:21.273, 185649562770, vstest.console.dll, TestRequestSender: OnTestRunAbort: Operation is already complete. Skip error message.
TpTrace Verbose: 0 : 36632, 11, 2023/03/31, 14:14:21.273, 185649563294, vstest.console.dll, MulticastDelegateUtilities.SafeInvoke: SocketServer: ClientDisconnected: Invoking callback 1/1 for Microsoft.VisualStudio.TestPlatform.CommunicationUtilities.TestRequestSender., took 0 ms.
TpTrace Verbose: 0 : 36632, 11, 2023/03/31, 14:14:21.273, 185649563652, vstest.console.dll, TcpClientExtensions.MessageLoopAsync: exiting MessageLoopAsync remoteEndPoint: 127.0.0.1:61818 localEndPoint: 127.0.0.1:61817
